
Starting run_simple_exper.py

<<<<<===========================================================================================>>>>>>



Creating directory structure and linking/copying CM1 files


LINKIT:  ARG[0]: /work/jessica.mcdonald/CM1_LETKF_2020/cm1r18v3/run/cm1.exe  ARG[1]:  /work/jessica.mcdonald/CM1_LETKF_2020/RUN_LETKF/cm1.exe
Copied /work/jessica.mcdonald/CM1_LETKF_2020/cm1r18v3/run/cm1.exe to directory  /work/jessica.mcdonald/CM1_LETKF_2020/RUN_LETKF/cm1.exe
LINKIT:  ARG[0]: /work/jessica.mcdonald/CM1_LETKF_2020/cm1r18v3/run/onefile.F  ARG[1]:  /work/jessica.mcdonald/CM1_LETKF_2020/RUN_LETKF/onefile.F
Copied /work/jessica.mcdonald/CM1_LETKF_2020/cm1r18v3/run/onefile.F to directory  /work/jessica.mcdonald/CM1_LETKF_2020/RUN_LETKF/onefile.F
LINKIT:  ARG[0]: /work/jessica.mcdonald/CM1_LETKF_2020/cm1r18v3/run/namelist.input  ARG[1]:  /work/jessica.mcdonald/CM1_LETKF_2020/RUN_LETKF/namelist.input
Copied /work/jessica.mcdonald/CM1_LETKF_2020/cm1r18v3/run/namelist.input to directory  /work/jessica.mcdonald/CM1_LETKF_2020/RUN_LETKF/namelist.input
LINKIT:  ARG[0]: /work/jessica.mcdonald/CM1_LETKF_2020/cm1r18v3/run/LANDUSE.TBL  ARG[1]:  /work/jessica.mcdonald/CM1_LETKF_2020/RUN_LETKF/LANDUSE.TBL
Copied /work/jessica.mcdonald/CM1_LETKF_2020/cm1r18v3/run/LANDUSE.TBL to directory  /work/jessica.mcdonald/CM1_LETKF_2020/RUN_LETKF/LANDUSE.TBL
LINKIT:  ARG[0]: /work/jessica.mcdonald/CM1_LETKF_2020/Obs/input_sounding  ARG[1]:  /work/jessica.mcdonald/CM1_LETKF_2020/RUN_LETKF/input_sounding
Copied /work/jessica.mcdonald/CM1_LETKF_2020/Obs/input_sounding to directory  /work/jessica.mcdonald/CM1_LETKF_2020/RUN_LETKF/input_sounding
&param0
    nx = 60
    ny = 60
    nz = 32
    nodex = 1
    nodey = 1
    ppnode = 16
    timeformat = 2
    timestats = 1
    terrain_flag = .false.
    procfiles = .false.
/

&param1
    dx = 2000.0
    dy = 2000.0
    dz = 500.0
    dtl = 7.5
    timax = 5400.0
    run_time = -999.9
    tapfrq = 900.0
    rstfrq = -3600.0
    statfrq = 60.0
    prclfrq = 60.0
/

&param2
    adapt_dt = 0
    irst = 0
    rstnum = 1
    iconly = 0
    hadvordrs = 5
    vadvordrs = 5
    hadvordrv = 5
    vadvordrv = 5
    pdscheme = 1
    apmasscon = 1
    advwenos = 2
    advwenov = 0
    idiff = 0
    mdiff = 0
    difforder = 6
    imoist = 1
    iturb = 1
    tconfig = 1
    bcturbs = 1
    dns = 0
    irdamp = 1
    hrdamp = 0
    psolver = 3
    nsound = 6
    ptype = 5
    ihail = 1
    iautoc = 1
    icor = 0
    pertcor = 0
    eqtset = 2
    idiss = 1
    efall = 0
    rterm = 0
    wbc = 2
    ebc = 2
    sbc = 2
    nbc = 2
    bbc = 1
    tbc = 1
    irbc = 4
    roflux = 0
    isnd = 5
    iwnd = 2
    itern = 0
    iinit = 1
    irandp = 0
    ibalance = 0
    iorigin = 2
    axisymm = 0
    imove = 1
    iptra = 0
    npt = 1
    pdtra = 1
    iprcl = 0
    nparcels = 1
/

&param3
    kdiff2 = 75.0
    kdiff6 = 0.04
    fcor = 5e-05
    kdiv = 0.1
    alph = 0.6
    rdalpha = 0.0033333333333
    zd = 15000.0
    xhd = 100000.0
    umove = 12.5
    vmove = 3.0
    v_t = 7.0
    l_h = 100.0
    lhref1 = 100.0
    lhref2 = 1000.0
    l_inf = 100.0
    ndcnst = 250.0
/

&param11
    radopt = 0
    dtrad = 300.0
    ctrlat = 36.68
    ctrlon = -98.35
    year = 2009
    month = 5
    day = 15
    hour = 21
    minute = 38
    second = 0
/

&param12
    isfcflx = 0
    sfcmodel = 0
    oceanmodel = 0
    ipbl = 0
    initsfc = 1
    tsk0 = 299.28
    tmn0 = 297.28
    xland0 = 2.0
    lu0 = 16
    season = 1
    cecd = 3
    pertflx = 0
    cnstce = 0.001
    cnstcd = 0.001
    isftcflx = 0
    iz0tlnd = 0
    oml_hml0 = 50.0
    oml_gamma = 0.14
/

&param4
    stretch_x = 0
    dx_inner = 1000.0
    dx_outer = 7000.0
    nos_x_len = 40000.0
    tot_x_len = 120000.0
/

&param5
    stretch_y = 0
    dy_inner = 1000.0
    dy_outer = 7000.0
    nos_y_len = 40000.0
    tot_y_len = 120000.0
/

&param6
    stretch_z = 0
    ztop = 18000.0
    str_bot = 0.0
    str_top = 2000.0
    dz_bot = 125.0
    dz_top = 500.0
/

&param7
    bc_temp = 1
    ptc_top = 250.0
    ptc_bot = 300.0
    viscosity = 25.0
    pr_num = 0.72
/

&param8
    var1 = 0.0
    var2 = 0.0
    var3 = 0.0
    var4 = 0.0
    var5 = 0.0
    var6 = 0.0
    var7 = 0.0
    var8 = 0.0
    var9 = 0.0
    var10 = 0.0
/

&param9
    output_path = './'
    output_basename = 'cm1out'
    output_format = 1
    output_filetype = 1
    output_interp = 0
    output_rain = 1
    output_sws = 1
    output_svs = 1
    output_sps = 1
    output_srs = 1
    output_sgs = 1
    output_sus = 1
    output_shs = 1
    output_coldpool = 0
    output_sfcflx = 0
    output_sfcparams = 0
    output_sfcdiags = 0
    output_psfc = 0
    output_zs = 0
    output_zh = 0
    output_basestate = 0
    output_th = 1
    output_thpert = 0
    output_prs = 1
    output_prspert = 0
    output_pi = 0
    output_pipert = 0
    output_rho = 1
    output_rhopert = 1
    output_tke = 1
    output_km = 1
    output_kh = 1
    output_qv = 1
    output_qvpert = 0
    output_q = 1
    output_dbz = 1
    output_buoyancy = 0
    output_u = 1
    output_upert = 0
    output_uinterp = 1
    output_v = 1
    output_vpert = 0
    output_vinterp = 1
    output_w = 1
    output_winterp = 1
    output_vort = 0
    output_pv = 0
    output_uh = 0
    output_pblten = 0
    output_dissten = 0
    output_dissheat = 0
    output_mptend = 0
    output_fallvel = 0
    output_nm = 0
    output_def = 0
    output_turbten = 0
    output_impdiften = 0
    output_radten = 0
    restart_format = 1
    restart_filetype = 2
    restart_file_theta = .true.
    restart_file_dbz = .true.
    restart_file_th0 = .true.
    restart_file_prs0 = .true.
    restart_file_pi0 = .true.
    restart_file_rho0 = .true.
    restart_file_qv0 = .true.
    restart_file_u0 = .true.
    restart_file_v0 = .true.
    restart_file_zs = .false.
    restart_file_zh = .false.
    restart_file_zf = .false.
    restart_file_diags = .false.
    restart_use_theta = .false.
    restart_reset_frqtim = .true.
/

&param10
    stat_w = 1
    stat_u = 1
    stat_v = 1
    stat_rmw = 1
    stat_pipert = 1
    stat_prspert = 1
    stat_thpert = 1
    stat_q = 1
    stat_tke = 1
    stat_km = 1
    stat_kh = 1
    stat_div = 1
    stat_rh = 1
    stat_rhi = 1
    stat_the = 1
    stat_cloud = 1
    stat_sfcprs = 1
    stat_wsp = 1
    stat_cfl = 1
    stat_vort = 1
    stat_tmass = 1
    stat_tmois = 1
    stat_qmass = 1
    stat_tenerg = 1
    stat_mo = 1
    stat_tmf = 1
    stat_pcn = 1
    stat_qsrc = 1
/

&param13
    prcl_th = 1
    prcl_t = 1
    prcl_prs = 1
    prcl_ptra = 1
    prcl_q = 1
    prcl_nc = 1
    prcl_km = 1
    prcl_kh = 1
    prcl_tke = 1
    prcl_dbz = 1
    prcl_b = 1
    prcl_vpg = 1
    prcl_vort = 1
    prcl_rho = 1
    prcl_qsat = 1
    prcl_sfc = 1
/

&nssl2mom_params
    alphah = 0
    alphahl = 0.5
    ccn = 2000000000.0
    cnor = 8000000.0
    cnoh = 40000.0
/
LINKIT:  ARG[0]: /work/jessica.mcdonald/CM1_LETKF_2020/RUN_LETKF/cm1.exe  ARG[1]:  /work/jessica.mcdonald/CM1_LETKF_2020/RUN_LETKF/member001/cm1.exe
Copied /work/jessica.mcdonald/CM1_LETKF_2020/RUN_LETKF/cm1.exe to directory  /work/jessica.mcdonald/CM1_LETKF_2020/RUN_LETKF/member001/cm1.exe
LINKIT:  ARG[0]: /work/jessica.mcdonald/CM1_LETKF_2020/RUN_LETKF/onefile.F  ARG[1]:  /work/jessica.mcdonald/CM1_LETKF_2020/RUN_LETKF/member001/onefile.F
Linked /work/jessica.mcdonald/CM1_LETKF_2020/RUN_LETKF/onefile.F to directory  /work/jessica.mcdonald/CM1_LETKF_2020/RUN_LETKF/member001/onefile.F
LINKIT:  ARG[0]: /work/jessica.mcdonald/CM1_LETKF_2020/RUN_LETKF/namelist.input  ARG[1]:  /work/jessica.mcdonald/CM1_LETKF_2020/RUN_LETKF/member001/namelist.input
Linked /work/jessica.mcdonald/CM1_LETKF_2020/RUN_LETKF/namelist.input to directory  /work/jessica.mcdonald/CM1_LETKF_2020/RUN_LETKF/member001/namelist.input
LINKIT:  ARG[0]: /work/jessica.mcdonald/CM1_LETKF_2020/RUN_LETKF/LANDUSE.TBL  ARG[1]:  /work/jessica.mcdonald/CM1_LETKF_2020/RUN_LETKF/member001/LANDUSE.TBL
Linked /work/jessica.mcdonald/CM1_LETKF_2020/RUN_LETKF/LANDUSE.TBL to directory  /work/jessica.mcdonald/CM1_LETKF_2020/RUN_LETKF/member001/LANDUSE.TBL
LINKIT:  ARG[0]: /work/jessica.mcdonald/CM1_LETKF_2020/RUN_LETKF/input_sounding  ARG[1]:  /work/jessica.mcdonald/CM1_LETKF_2020/RUN_LETKF/member001/input_sounding
Copied /work/jessica.mcdonald/CM1_LETKF_2020/RUN_LETKF/input_sounding to directory  /work/jessica.mcdonald/CM1_LETKF_2020/RUN_LETKF/member001/input_sounding
LINKIT:  ARG[0]: /work/jessica.mcdonald/CM1_LETKF_2020/RUN_LETKF/cm1.exe  ARG[1]:  /work/jessica.mcdonald/CM1_LETKF_2020/RUN_LETKF/member002/cm1.exe
Copied /work/jessica.mcdonald/CM1_LETKF_2020/RUN_LETKF/cm1.exe to directory  /work/jessica.mcdonald/CM1_LETKF_2020/RUN_LETKF/member002/cm1.exe
LINKIT:  ARG[0]: /work/jessica.mcdonald/CM1_LETKF_2020/RUN_LETKF/onefile.F  ARG[1]:  /work/jessica.mcdonald/CM1_LETKF_2020/RUN_LETKF/member002/onefile.F
Linked /work/jessica.mcdonald/CM1_LETKF_2020/RUN_LETKF/onefile.F to directory  /work/jessica.mcdonald/CM1_LETKF_2020/RUN_LETKF/member002/onefile.F
LINKIT:  ARG[0]: /work/jessica.mcdonald/CM1_LETKF_2020/RUN_LETKF/namelist.input  ARG[1]:  /work/jessica.mcdonald/CM1_LETKF_2020/RUN_LETKF/member002/namelist.input
Linked /work/jessica.mcdonald/CM1_LETKF_2020/RUN_LETKF/namelist.input to directory  /work/jessica.mcdonald/CM1_LETKF_2020/RUN_LETKF/member002/namelist.input
LINKIT:  ARG[0]: /work/jessica.mcdonald/CM1_LETKF_2020/RUN_LETKF/LANDUSE.TBL  ARG[1]:  /work/jessica.mcdonald/CM1_LETKF_2020/RUN_LETKF/member002/LANDUSE.TBL
Linked /work/jessica.mcdonald/CM1_LETKF_2020/RUN_LETKF/LANDUSE.TBL to directory  /work/jessica.mcdonald/CM1_LETKF_2020/RUN_LETKF/member002/LANDUSE.TBL
LINKIT:  ARG[0]: /work/jessica.mcdonald/CM1_LETKF_2020/RUN_LETKF/input_sounding  ARG[1]:  /work/jessica.mcdonald/CM1_LETKF_2020/RUN_LETKF/member002/input_sounding
Copied /work/jessica.mcdonald/CM1_LETKF_2020/RUN_LETKF/input_sounding to directory  /work/jessica.mcdonald/CM1_LETKF_2020/RUN_LETKF/member002/input_sounding
LINKIT:  ARG[0]: /work/jessica.mcdonald/CM1_LETKF_2020/RUN_LETKF/cm1.exe  ARG[1]:  /work/jessica.mcdonald/CM1_LETKF_2020/RUN_LETKF/member003/cm1.exe
Copied /work/jessica.mcdonald/CM1_LETKF_2020/RUN_LETKF/cm1.exe to directory  /work/jessica.mcdonald/CM1_LETKF_2020/RUN_LETKF/member003/cm1.exe
LINKIT:  ARG[0]: /work/jessica.mcdonald/CM1_LETKF_2020/RUN_LETKF/onefile.F  ARG[1]:  /work/jessica.mcdonald/CM1_LETKF_2020/RUN_LETKF/member003/onefile.F
Linked /work/jessica.mcdonald/CM1_LETKF_2020/RUN_LETKF/onefile.F to directory  /work/jessica.mcdonald/CM1_LETKF_2020/RUN_LETKF/member003/onefile.F
LINKIT:  ARG[0]: /work/jessica.mcdonald/CM1_LETKF_2020/RUN_LETKF/namelist.input  ARG[1]:  /work/jessica.mcdonald/CM1_LETKF_2020/RUN_LETKF/member003/namelist.input
Linked /work/jessica.mcdonald/CM1_LETKF_2020/RUN_LETKF/namelist.input to directory  /work/jessica.mcdonald/CM1_LETKF_2020/RUN_LETKF/member003/namelist.input
LINKIT:  ARG[0]: /work/jessica.mcdonald/CM1_LETKF_2020/RUN_LETKF/LANDUSE.TBL  ARG[1]:  /work/jessica.mcdonald/CM1_LETKF_2020/RUN_LETKF/member003/LANDUSE.TBL
Linked /work/jessica.mcdonald/CM1_LETKF_2020/RUN_LETKF/LANDUSE.TBL to directory  /work/jessica.mcdonald/CM1_LETKF_2020/RUN_LETKF/member003/LANDUSE.TBL
LINKIT:  ARG[0]: /work/jessica.mcdonald/CM1_LETKF_2020/RUN_LETKF/input_sounding  ARG[1]:  /work/jessica.mcdonald/CM1_LETKF_2020/RUN_LETKF/member003/input_sounding
Copied /work/jessica.mcdonald/CM1_LETKF_2020/RUN_LETKF/input_sounding to directory  /work/jessica.mcdonald/CM1_LETKF_2020/RUN_LETKF/member003/input_sounding
LINKIT:  ARG[0]: /work/jessica.mcdonald/CM1_LETKF_2020/RUN_LETKF/cm1.exe  ARG[1]:  /work/jessica.mcdonald/CM1_LETKF_2020/RUN_LETKF/member004/cm1.exe
Copied /work/jessica.mcdonald/CM1_LETKF_2020/RUN_LETKF/cm1.exe to directory  /work/jessica.mcdonald/CM1_LETKF_2020/RUN_LETKF/member004/cm1.exe
LINKIT:  ARG[0]: /work/jessica.mcdonald/CM1_LETKF_2020/RUN_LETKF/onefile.F  ARG[1]:  /work/jessica.mcdonald/CM1_LETKF_2020/RUN_LETKF/member004/onefile.F
Linked /work/jessica.mcdonald/CM1_LETKF_2020/RUN_LETKF/onefile.F to directory  /work/jessica.mcdonald/CM1_LETKF_2020/RUN_LETKF/member004/onefile.F
LINKIT:  ARG[0]: /work/jessica.mcdonald/CM1_LETKF_2020/RUN_LETKF/namelist.input  ARG[1]:  /work/jessica.mcdonald/CM1_LETKF_2020/RUN_LETKF/member004/namelist.input
Linked /work/jessica.mcdonald/CM1_LETKF_2020/RUN_LETKF/namelist.input to directory  /work/jessica.mcdonald/CM1_LETKF_2020/RUN_LETKF/member004/namelist.input
LINKIT:  ARG[0]: /work/jessica.mcdonald/CM1_LETKF_2020/RUN_LETKF/LANDUSE.TBL  ARG[1]:  /work/jessica.mcdonald/CM1_LETKF_2020/RUN_LETKF/member004/LANDUSE.TBL
Linked /work/jessica.mcdonald/CM1_LETKF_2020/RUN_LETKF/LANDUSE.TBL to directory  /work/jessica.mcdonald/CM1_LETKF_2020/RUN_LETKF/member004/LANDUSE.TBL
LINKIT:  ARG[0]: /work/jessica.mcdonald/CM1_LETKF_2020/RUN_LETKF/input_sounding  ARG[1]:  /work/jessica.mcdonald/CM1_LETKF_2020/RUN_LETKF/member004/input_sounding
Copied /work/jessica.mcdonald/CM1_LETKF_2020/RUN_LETKF/input_sounding to directory  /work/jessica.mcdonald/CM1_LETKF_2020/RUN_LETKF/member004/input_sounding
LINKIT:  ARG[0]: /work/jessica.mcdonald/CM1_LETKF_2020/RUN_LETKF/cm1.exe  ARG[1]:  /work/jessica.mcdonald/CM1_LETKF_2020/RUN_LETKF/member005/cm1.exe
Copied /work/jessica.mcdonald/CM1_LETKF_2020/RUN_LETKF/cm1.exe to directory  /work/jessica.mcdonald/CM1_LETKF_2020/RUN_LETKF/member005/cm1.exe
LINKIT:  ARG[0]: /work/jessica.mcdonald/CM1_LETKF_2020/RUN_LETKF/onefile.F  ARG[1]:  /work/jessica.mcdonald/CM1_LETKF_2020/RUN_LETKF/member005/onefile.F
Linked /work/jessica.mcdonald/CM1_LETKF_2020/RUN_LETKF/onefile.F to directory  /work/jessica.mcdonald/CM1_LETKF_2020/RUN_LETKF/member005/onefile.F
LINKIT:  ARG[0]: /work/jessica.mcdonald/CM1_LETKF_2020/RUN_LETKF/namelist.input  ARG[1]:  /work/jessica.mcdonald/CM1_LETKF_2020/RUN_LETKF/member005/namelist.input
Linked /work/jessica.mcdonald/CM1_LETKF_2020/RUN_LETKF/namelist.input to directory  /work/jessica.mcdonald/CM1_LETKF_2020/RUN_LETKF/member005/namelist.input
LINKIT:  ARG[0]: /work/jessica.mcdonald/CM1_LETKF_2020/RUN_LETKF/LANDUSE.TBL  ARG[1]:  /work/jessica.mcdonald/CM1_LETKF_2020/RUN_LETKF/member005/LANDUSE.TBL
Linked /work/jessica.mcdonald/CM1_LETKF_2020/RUN_LETKF/LANDUSE.TBL to directory  /work/jessica.mcdonald/CM1_LETKF_2020/RUN_LETKF/member005/LANDUSE.TBL
LINKIT:  ARG[0]: /work/jessica.mcdonald/CM1_LETKF_2020/RUN_LETKF/input_sounding  ARG[1]:  /work/jessica.mcdonald/CM1_LETKF_2020/RUN_LETKF/member005/input_sounding
Copied /work/jessica.mcdonald/CM1_LETKF_2020/RUN_LETKF/input_sounding to directory  /work/jessica.mcdonald/CM1_LETKF_2020/RUN_LETKF/member005/input_sounding
LINKIT:  ARG[0]: /work/jessica.mcdonald/CM1_LETKF_2020/RUN_LETKF/cm1.exe  ARG[1]:  /work/jessica.mcdonald/CM1_LETKF_2020/RUN_LETKF/member006/cm1.exe
Copied /work/jessica.mcdonald/CM1_LETKF_2020/RUN_LETKF/cm1.exe to directory  /work/jessica.mcdonald/CM1_LETKF_2020/RUN_LETKF/member006/cm1.exe
LINKIT:  ARG[0]: /work/jessica.mcdonald/CM1_LETKF_2020/RUN_LETKF/onefile.F  ARG[1]:  /work/jessica.mcdonald/CM1_LETKF_2020/RUN_LETKF/member006/onefile.F
Linked /work/jessica.mcdonald/CM1_LETKF_2020/RUN_LETKF/onefile.F to directory  /work/jessica.mcdonald/CM1_LETKF_2020/RUN_LETKF/member006/onefile.F
LINKIT:  ARG[0]: /work/jessica.mcdonald/CM1_LETKF_2020/RUN_LETKF/namelist.input  ARG[1]:  /work/jessica.mcdonald/CM1_LETKF_2020/RUN_LETKF/member006/namelist.input
Linked /work/jessica.mcdonald/CM1_LETKF_2020/RUN_LETKF/namelist.input to directory  /work/jessica.mcdonald/CM1_LETKF_2020/RUN_LETKF/member006/namelist.input
LINKIT:  ARG[0]: /work/jessica.mcdonald/CM1_LETKF_2020/RUN_LETKF/LANDUSE.TBL  ARG[1]:  /work/jessica.mcdonald/CM1_LETKF_2020/RUN_LETKF/member006/LANDUSE.TBL
Linked /work/jessica.mcdonald/CM1_LETKF_2020/RUN_LETKF/LANDUSE.TBL to directory  /work/jessica.mcdonald/CM1_LETKF_2020/RUN_LETKF/member006/LANDUSE.TBL
LINKIT:  ARG[0]: /work/jessica.mcdonald/CM1_LETKF_2020/RUN_LETKF/input_sounding  ARG[1]:  /work/jessica.mcdonald/CM1_LETKF_2020/RUN_LETKF/member006/input_sounding
Copied /work/jessica.mcdonald/CM1_LETKF_2020/RUN_LETKF/input_sounding to directory  /work/jessica.mcdonald/CM1_LETKF_2020/RUN_LETKF/member006/input_sounding
LINKIT:  ARG[0]: /work/jessica.mcdonald/CM1_LETKF_2020/RUN_LETKF/cm1.exe  ARG[1]:  /work/jessica.mcdonald/CM1_LETKF_2020/RUN_LETKF/member007/cm1.exe
Copied /work/jessica.mcdonald/CM1_LETKF_2020/RUN_LETKF/cm1.exe to directory  /work/jessica.mcdonald/CM1_LETKF_2020/RUN_LETKF/member007/cm1.exe
LINKIT:  ARG[0]: /work/jessica.mcdonald/CM1_LETKF_2020/RUN_LETKF/onefile.F  ARG[1]:  /work/jessica.mcdonald/CM1_LETKF_2020/RUN_LETKF/member007/onefile.F
Linked /work/jessica.mcdonald/CM1_LETKF_2020/RUN_LETKF/onefile.F to directory  /work/jessica.mcdonald/CM1_LETKF_2020/RUN_LETKF/member007/onefile.F
LINKIT:  ARG[0]: /work/jessica.mcdonald/CM1_LETKF_2020/RUN_LETKF/namelist.input  ARG[1]:  /work/jessica.mcdonald/CM1_LETKF_2020/RUN_LETKF/member007/namelist.input
Linked /work/jessica.mcdonald/CM1_LETKF_2020/RUN_LETKF/namelist.input to directory  /work/jessica.mcdonald/CM1_LETKF_2020/RUN_LETKF/member007/namelist.input
LINKIT:  ARG[0]: /work/jessica.mcdonald/CM1_LETKF_2020/RUN_LETKF/LANDUSE.TBL  ARG[1]:  /work/jessica.mcdonald/CM1_LETKF_2020/RUN_LETKF/member007/LANDUSE.TBL
Linked /work/jessica.mcdonald/CM1_LETKF_2020/RUN_LETKF/LANDUSE.TBL to directory  /work/jessica.mcdonald/CM1_LETKF_2020/RUN_LETKF/member007/LANDUSE.TBL
LINKIT:  ARG[0]: /work/jessica.mcdonald/CM1_LETKF_2020/RUN_LETKF/input_sounding  ARG[1]:  /work/jessica.mcdonald/CM1_LETKF_2020/RUN_LETKF/member007/input_sounding
Copied /work/jessica.mcdonald/CM1_LETKF_2020/RUN_LETKF/input_sounding to directory  /work/jessica.mcdonald/CM1_LETKF_2020/RUN_LETKF/member007/input_sounding
LINKIT:  ARG[0]: /work/jessica.mcdonald/CM1_LETKF_2020/RUN_LETKF/cm1.exe  ARG[1]:  /work/jessica.mcdonald/CM1_LETKF_2020/RUN_LETKF/member008/cm1.exe
Copied /work/jessica.mcdonald/CM1_LETKF_2020/RUN_LETKF/cm1.exe to directory  /work/jessica.mcdonald/CM1_LETKF_2020/RUN_LETKF/member008/cm1.exe
LINKIT:  ARG[0]: /work/jessica.mcdonald/CM1_LETKF_2020/RUN_LETKF/onefile.F  ARG[1]:  /work/jessica.mcdonald/CM1_LETKF_2020/RUN_LETKF/member008/onefile.F
Linked /work/jessica.mcdonald/CM1_LETKF_2020/RUN_LETKF/onefile.F to directory  /work/jessica.mcdonald/CM1_LETKF_2020/RUN_LETKF/member008/onefile.F
LINKIT:  ARG[0]: /work/jessica.mcdonald/CM1_LETKF_2020/RUN_LETKF/namelist.input  ARG[1]:  /work/jessica.mcdonald/CM1_LETKF_2020/RUN_LETKF/member008/namelist.input
Linked /work/jessica.mcdonald/CM1_LETKF_2020/RUN_LETKF/namelist.input to directory  /work/jessica.mcdonald/CM1_LETKF_2020/RUN_LETKF/member008/namelist.input
LINKIT:  ARG[0]: /work/jessica.mcdonald/CM1_LETKF_2020/RUN_LETKF/LANDUSE.TBL  ARG[1]:  /work/jessica.mcdonald/CM1_LETKF_2020/RUN_LETKF/member008/LANDUSE.TBL
Linked /work/jessica.mcdonald/CM1_LETKF_2020/RUN_LETKF/LANDUSE.TBL to directory  /work/jessica.mcdonald/CM1_LETKF_2020/RUN_LETKF/member008/LANDUSE.TBL
LINKIT:  ARG[0]: /work/jessica.mcdonald/CM1_LETKF_2020/RUN_LETKF/input_sounding  ARG[1]:  /work/jessica.mcdonald/CM1_LETKF_2020/RUN_LETKF/member008/input_sounding
Copied /work/jessica.mcdonald/CM1_LETKF_2020/RUN_LETKF/input_sounding to directory  /work/jessica.mcdonald/CM1_LETKF_2020/RUN_LETKF/member008/input_sounding
LINKIT:  ARG[0]: /work/jessica.mcdonald/CM1_LETKF_2020/RUN_LETKF/cm1.exe  ARG[1]:  /work/jessica.mcdonald/CM1_LETKF_2020/RUN_LETKF/member009/cm1.exe
Copied /work/jessica.mcdonald/CM1_LETKF_2020/RUN_LETKF/cm1.exe to directory  /work/jessica.mcdonald/CM1_LETKF_2020/RUN_LETKF/member009/cm1.exe
LINKIT:  ARG[0]: /work/jessica.mcdonald/CM1_LETKF_2020/RUN_LETKF/onefile.F  ARG[1]:  /work/jessica.mcdonald/CM1_LETKF_2020/RUN_LETKF/member009/onefile.F
Linked /work/jessica.mcdonald/CM1_LETKF_2020/RUN_LETKF/onefile.F to directory  /work/jessica.mcdonald/CM1_LETKF_2020/RUN_LETKF/member009/onefile.F
LINKIT:  ARG[0]: /work/jessica.mcdonald/CM1_LETKF_2020/RUN_LETKF/namelist.input  ARG[1]:  /work/jessica.mcdonald/CM1_LETKF_2020/RUN_LETKF/member009/namelist.input
Linked /work/jessica.mcdonald/CM1_LETKF_2020/RUN_LETKF/namelist.input to directory  /work/jessica.mcdonald/CM1_LETKF_2020/RUN_LETKF/member009/namelist.input
LINKIT:  ARG[0]: /work/jessica.mcdonald/CM1_LETKF_2020/RUN_LETKF/LANDUSE.TBL  ARG[1]:  /work/jessica.mcdonald/CM1_LETKF_2020/RUN_LETKF/member009/LANDUSE.TBL
Linked /work/jessica.mcdonald/CM1_LETKF_2020/RUN_LETKF/LANDUSE.TBL to directory  /work/jessica.mcdonald/CM1_LETKF_2020/RUN_LETKF/member009/LANDUSE.TBL
LINKIT:  ARG[0]: /work/jessica.mcdonald/CM1_LETKF_2020/RUN_LETKF/input_sounding  ARG[1]:  /work/jessica.mcdonald/CM1_LETKF_2020/RUN_LETKF/member009/input_sounding
Copied /work/jessica.mcdonald/CM1_LETKF_2020/RUN_LETKF/input_sounding to directory  /work/jessica.mcdonald/CM1_LETKF_2020/RUN_LETKF/member009/input_sounding
LINKIT:  ARG[0]: /work/jessica.mcdonald/CM1_LETKF_2020/RUN_LETKF/cm1.exe  ARG[1]:  /work/jessica.mcdonald/CM1_LETKF_2020/RUN_LETKF/member010/cm1.exe
Copied /work/jessica.mcdonald/CM1_LETKF_2020/RUN_LETKF/cm1.exe to directory  /work/jessica.mcdonald/CM1_LETKF_2020/RUN_LETKF/member010/cm1.exe
LINKIT:  ARG[0]: /work/jessica.mcdonald/CM1_LETKF_2020/RUN_LETKF/onefile.F  ARG[1]:  /work/jessica.mcdonald/CM1_LETKF_2020/RUN_LETKF/member010/onefile.F
Linked /work/jessica.mcdonald/CM1_LETKF_2020/RUN_LETKF/onefile.F to directory  /work/jessica.mcdonald/CM1_LETKF_2020/RUN_LETKF/member010/onefile.F
LINKIT:  ARG[0]: /work/jessica.mcdonald/CM1_LETKF_2020/RUN_LETKF/namelist.input  ARG[1]:  /work/jessica.mcdonald/CM1_LETKF_2020/RUN_LETKF/member010/namelist.input
Linked /work/jessica.mcdonald/CM1_LETKF_2020/RUN_LETKF/namelist.input to directory  /work/jessica.mcdonald/CM1_LETKF_2020/RUN_LETKF/member010/namelist.input
LINKIT:  ARG[0]: /work/jessica.mcdonald/CM1_LETKF_2020/RUN_LETKF/LANDUSE.TBL  ARG[1]:  /work/jessica.mcdonald/CM1_LETKF_2020/RUN_LETKF/member010/LANDUSE.TBL
Linked /work/jessica.mcdonald/CM1_LETKF_2020/RUN_LETKF/LANDUSE.TBL to directory  /work/jessica.mcdonald/CM1_LETKF_2020/RUN_LETKF/member010/LANDUSE.TBL
LINKIT:  ARG[0]: /work/jessica.mcdonald/CM1_LETKF_2020/RUN_LETKF/input_sounding  ARG[1]:  /work/jessica.mcdonald/CM1_LETKF_2020/RUN_LETKF/member010/input_sounding
Copied /work/jessica.mcdonald/CM1_LETKF_2020/RUN_LETKF/input_sounding to directory  /work/jessica.mcdonald/CM1_LETKF_2020/RUN_LETKF/member010/input_sounding
LINKIT:  ARG[0]: /work/jessica.mcdonald/CM1_LETKF_2020/RUN_LETKF/cm1.exe  ARG[1]:  /work/jessica.mcdonald/CM1_LETKF_2020/RUN_LETKF/member011/cm1.exe
Copied /work/jessica.mcdonald/CM1_LETKF_2020/RUN_LETKF/cm1.exe to directory  /work/jessica.mcdonald/CM1_LETKF_2020/RUN_LETKF/member011/cm1.exe
LINKIT:  ARG[0]: /work/jessica.mcdonald/CM1_LETKF_2020/RUN_LETKF/onefile.F  ARG[1]:  /work/jessica.mcdonald/CM1_LETKF_2020/RUN_LETKF/member011/onefile.F
Linked /work/jessica.mcdonald/CM1_LETKF_2020/RUN_LETKF/onefile.F to directory  /work/jessica.mcdonald/CM1_LETKF_2020/RUN_LETKF/member011/onefile.F
LINKIT:  ARG[0]: /work/jessica.mcdonald/CM1_LETKF_2020/RUN_LETKF/namelist.input  ARG[1]:  /work/jessica.mcdonald/CM1_LETKF_2020/RUN_LETKF/member011/namelist.input
Linked /work/jessica.mcdonald/CM1_LETKF_2020/RUN_LETKF/namelist.input to directory  /work/jessica.mcdonald/CM1_LETKF_2020/RUN_LETKF/member011/namelist.input
LINKIT:  ARG[0]: /work/jessica.mcdonald/CM1_LETKF_2020/RUN_LETKF/LANDUSE.TBL  ARG[1]:  /work/jessica.mcdonald/CM1_LETKF_2020/RUN_LETKF/member011/LANDUSE.TBL
Linked /work/jessica.mcdonald/CM1_LETKF_2020/RUN_LETKF/LANDUSE.TBL to directory  /work/jessica.mcdonald/CM1_LETKF_2020/RUN_LETKF/member011/LANDUSE.TBL
LINKIT:  ARG[0]: /work/jessica.mcdonald/CM1_LETKF_2020/RUN_LETKF/input_sounding  ARG[1]:  /work/jessica.mcdonald/CM1_LETKF_2020/RUN_LETKF/member011/input_sounding
Copied /work/jessica.mcdonald/CM1_LETKF_2020/RUN_LETKF/input_sounding to directory  /work/jessica.mcdonald/CM1_LETKF_2020/RUN_LETKF/member011/input_sounding
LINKIT:  ARG[0]: /work/jessica.mcdonald/CM1_LETKF_2020/RUN_LETKF/cm1.exe  ARG[1]:  /work/jessica.mcdonald/CM1_LETKF_2020/RUN_LETKF/member012/cm1.exe
Copied /work/jessica.mcdonald/CM1_LETKF_2020/RUN_LETKF/cm1.exe to directory  /work/jessica.mcdonald/CM1_LETKF_2020/RUN_LETKF/member012/cm1.exe
LINKIT:  ARG[0]: /work/jessica.mcdonald/CM1_LETKF_2020/RUN_LETKF/onefile.F  ARG[1]:  /work/jessica.mcdonald/CM1_LETKF_2020/RUN_LETKF/member012/onefile.F
Linked /work/jessica.mcdonald/CM1_LETKF_2020/RUN_LETKF/onefile.F to directory  /work/jessica.mcdonald/CM1_LETKF_2020/RUN_LETKF/member012/onefile.F
LINKIT:  ARG[0]: /work/jessica.mcdonald/CM1_LETKF_2020/RUN_LETKF/namelist.input  ARG[1]:  /work/jessica.mcdonald/CM1_LETKF_2020/RUN_LETKF/member012/namelist.input
Linked /work/jessica.mcdonald/CM1_LETKF_2020/RUN_LETKF/namelist.input to directory  /work/jessica.mcdonald/CM1_LETKF_2020/RUN_LETKF/member012/namelist.input
LINKIT:  ARG[0]: /work/jessica.mcdonald/CM1_LETKF_2020/RUN_LETKF/LANDUSE.TBL  ARG[1]:  /work/jessica.mcdonald/CM1_LETKF_2020/RUN_LETKF/member012/LANDUSE.TBL
Linked /work/jessica.mcdonald/CM1_LETKF_2020/RUN_LETKF/LANDUSE.TBL to directory  /work/jessica.mcdonald/CM1_LETKF_2020/RUN_LETKF/member012/LANDUSE.TBL
LINKIT:  ARG[0]: /work/jessica.mcdonald/CM1_LETKF_2020/RUN_LETKF/input_sounding  ARG[1]:  /work/jessica.mcdonald/CM1_LETKF_2020/RUN_LETKF/member012/input_sounding
Copied /work/jessica.mcdonald/CM1_LETKF_2020/RUN_LETKF/input_sounding to directory  /work/jessica.mcdonald/CM1_LETKF_2020/RUN_LETKF/member012/input_sounding
LINKIT:  ARG[0]: /work/jessica.mcdonald/CM1_LETKF_2020/RUN_LETKF/cm1.exe  ARG[1]:  /work/jessica.mcdonald/CM1_LETKF_2020/RUN_LETKF/member013/cm1.exe
Copied /work/jessica.mcdonald/CM1_LETKF_2020/RUN_LETKF/cm1.exe to directory  /work/jessica.mcdonald/CM1_LETKF_2020/RUN_LETKF/member013/cm1.exe
LINKIT:  ARG[0]: /work/jessica.mcdonald/CM1_LETKF_2020/RUN_LETKF/onefile.F  ARG[1]:  /work/jessica.mcdonald/CM1_LETKF_2020/RUN_LETKF/member013/onefile.F
Linked /work/jessica.mcdonald/CM1_LETKF_2020/RUN_LETKF/onefile.F to directory  /work/jessica.mcdonald/CM1_LETKF_2020/RUN_LETKF/member013/onefile.F
LINKIT:  ARG[0]: /work/jessica.mcdonald/CM1_LETKF_2020/RUN_LETKF/namelist.input  ARG[1]:  /work/jessica.mcdonald/CM1_LETKF_2020/RUN_LETKF/member013/namelist.input
Linked /work/jessica.mcdonald/CM1_LETKF_2020/RUN_LETKF/namelist.input to directory  /work/jessica.mcdonald/CM1_LETKF_2020/RUN_LETKF/member013/namelist.input
LINKIT:  ARG[0]: /work/jessica.mcdonald/CM1_LETKF_2020/RUN_LETKF/LANDUSE.TBL  ARG[1]:  /work/jessica.mcdonald/CM1_LETKF_2020/RUN_LETKF/member013/LANDUSE.TBL
Linked /work/jessica.mcdonald/CM1_LETKF_2020/RUN_LETKF/LANDUSE.TBL to directory  /work/jessica.mcdonald/CM1_LETKF_2020/RUN_LETKF/member013/LANDUSE.TBL
LINKIT:  ARG[0]: /work/jessica.mcdonald/CM1_LETKF_2020/RUN_LETKF/input_sounding  ARG[1]:  /work/jessica.mcdonald/CM1_LETKF_2020/RUN_LETKF/member013/input_sounding
Copied /work/jessica.mcdonald/CM1_LETKF_2020/RUN_LETKF/input_sounding to directory  /work/jessica.mcdonald/CM1_LETKF_2020/RUN_LETKF/member013/input_sounding
LINKIT:  ARG[0]: /work/jessica.mcdonald/CM1_LETKF_2020/RUN_LETKF/cm1.exe  ARG[1]:  /work/jessica.mcdonald/CM1_LETKF_2020/RUN_LETKF/member014/cm1.exe
Copied /work/jessica.mcdonald/CM1_LETKF_2020/RUN_LETKF/cm1.exe to directory  /work/jessica.mcdonald/CM1_LETKF_2020/RUN_LETKF/member014/cm1.exe
LINKIT:  ARG[0]: /work/jessica.mcdonald/CM1_LETKF_2020/RUN_LETKF/onefile.F  ARG[1]:  /work/jessica.mcdonald/CM1_LETKF_2020/RUN_LETKF/member014/onefile.F
Linked /work/jessica.mcdonald/CM1_LETKF_2020/RUN_LETKF/onefile.F to directory  /work/jessica.mcdonald/CM1_LETKF_2020/RUN_LETKF/member014/onefile.F
LINKIT:  ARG[0]: /work/jessica.mcdonald/CM1_LETKF_2020/RUN_LETKF/namelist.input  ARG[1]:  /work/jessica.mcdonald/CM1_LETKF_2020/RUN_LETKF/member014/namelist.input
Linked /work/jessica.mcdonald/CM1_LETKF_2020/RUN_LETKF/namelist.input to directory  /work/jessica.mcdonald/CM1_LETKF_2020/RUN_LETKF/member014/namelist.input
LINKIT:  ARG[0]: /work/jessica.mcdonald/CM1_LETKF_2020/RUN_LETKF/LANDUSE.TBL  ARG[1]:  /work/jessica.mcdonald/CM1_LETKF_2020/RUN_LETKF/member014/LANDUSE.TBL
Linked /work/jessica.mcdonald/CM1_LETKF_2020/RUN_LETKF/LANDUSE.TBL to directory  /work/jessica.mcdonald/CM1_LETKF_2020/RUN_LETKF/member014/LANDUSE.TBL
LINKIT:  ARG[0]: /work/jessica.mcdonald/CM1_LETKF_2020/RUN_LETKF/input_sounding  ARG[1]:  /work/jessica.mcdonald/CM1_LETKF_2020/RUN_LETKF/member014/input_sounding
Copied /work/jessica.mcdonald/CM1_LETKF_2020/RUN_LETKF/input_sounding to directory  /work/jessica.mcdonald/CM1_LETKF_2020/RUN_LETKF/member014/input_sounding
LINKIT:  ARG[0]: /work/jessica.mcdonald/CM1_LETKF_2020/RUN_LETKF/cm1.exe  ARG[1]:  /work/jessica.mcdonald/CM1_LETKF_2020/RUN_LETKF/member015/cm1.exe
Copied /work/jessica.mcdonald/CM1_LETKF_2020/RUN_LETKF/cm1.exe to directory  /work/jessica.mcdonald/CM1_LETKF_2020/RUN_LETKF/member015/cm1.exe
LINKIT:  ARG[0]: /work/jessica.mcdonald/CM1_LETKF_2020/RUN_LETKF/onefile.F  ARG[1]:  /work/jessica.mcdonald/CM1_LETKF_2020/RUN_LETKF/member015/onefile.F
Linked /work/jessica.mcdonald/CM1_LETKF_2020/RUN_LETKF/onefile.F to directory  /work/jessica.mcdonald/CM1_LETKF_2020/RUN_LETKF/member015/onefile.F
LINKIT:  ARG[0]: /work/jessica.mcdonald/CM1_LETKF_2020/RUN_LETKF/namelist.input  ARG[1]:  /work/jessica.mcdonald/CM1_LETKF_2020/RUN_LETKF/member015/namelist.input
Linked /work/jessica.mcdonald/CM1_LETKF_2020/RUN_LETKF/namelist.input to directory  /work/jessica.mcdonald/CM1_LETKF_2020/RUN_LETKF/member015/namelist.input
LINKIT:  ARG[0]: /work/jessica.mcdonald/CM1_LETKF_2020/RUN_LETKF/LANDUSE.TBL  ARG[1]:  /work/jessica.mcdonald/CM1_LETKF_2020/RUN_LETKF/member015/LANDUSE.TBL
Linked /work/jessica.mcdonald/CM1_LETKF_2020/RUN_LETKF/LANDUSE.TBL to directory  /work/jessica.mcdonald/CM1_LETKF_2020/RUN_LETKF/member015/LANDUSE.TBL
LINKIT:  ARG[0]: /work/jessica.mcdonald/CM1_LETKF_2020/RUN_LETKF/input_sounding  ARG[1]:  /work/jessica.mcdonald/CM1_LETKF_2020/RUN_LETKF/member015/input_sounding
Copied /work/jessica.mcdonald/CM1_LETKF_2020/RUN_LETKF/input_sounding to directory  /work/jessica.mcdonald/CM1_LETKF_2020/RUN_LETKF/member015/input_sounding
LINKIT:  ARG[0]: /work/jessica.mcdonald/CM1_LETKF_2020/RUN_LETKF/cm1.exe  ARG[1]:  /work/jessica.mcdonald/CM1_LETKF_2020/RUN_LETKF/member016/cm1.exe
Copied /work/jessica.mcdonald/CM1_LETKF_2020/RUN_LETKF/cm1.exe to directory  /work/jessica.mcdonald/CM1_LETKF_2020/RUN_LETKF/member016/cm1.exe
LINKIT:  ARG[0]: /work/jessica.mcdonald/CM1_LETKF_2020/RUN_LETKF/onefile.F  ARG[1]:  /work/jessica.mcdonald/CM1_LETKF_2020/RUN_LETKF/member016/onefile.F
Linked /work/jessica.mcdonald/CM1_LETKF_2020/RUN_LETKF/onefile.F to directory  /work/jessica.mcdonald/CM1_LETKF_2020/RUN_LETKF/member016/onefile.F
LINKIT:  ARG[0]: /work/jessica.mcdonald/CM1_LETKF_2020/RUN_LETKF/namelist.input  ARG[1]:  /work/jessica.mcdonald/CM1_LETKF_2020/RUN_LETKF/member016/namelist.input
Linked /work/jessica.mcdonald/CM1_LETKF_2020/RUN_LETKF/namelist.input to directory  /work/jessica.mcdonald/CM1_LETKF_2020/RUN_LETKF/member016/namelist.input
LINKIT:  ARG[0]: /work/jessica.mcdonald/CM1_LETKF_2020/RUN_LETKF/LANDUSE.TBL  ARG[1]:  /work/jessica.mcdonald/CM1_LETKF_2020/RUN_LETKF/member016/LANDUSE.TBL
Linked /work/jessica.mcdonald/CM1_LETKF_2020/RUN_LETKF/LANDUSE.TBL to directory  /work/jessica.mcdonald/CM1_LETKF_2020/RUN_LETKF/member016/LANDUSE.TBL
LINKIT:  ARG[0]: /work/jessica.mcdonald/CM1_LETKF_2020/RUN_LETKF/input_sounding  ARG[1]:  /work/jessica.mcdonald/CM1_LETKF_2020/RUN_LETKF/member016/input_sounding
Copied /work/jessica.mcdonald/CM1_LETKF_2020/RUN_LETKF/input_sounding to directory  /work/jessica.mcdonald/CM1_LETKF_2020/RUN_LETKF/member016/input_sounding
LINKIT:  ARG[0]: /work/jessica.mcdonald/CM1_LETKF_2020/RUN_LETKF/cm1.exe  ARG[1]:  /work/jessica.mcdonald/CM1_LETKF_2020/RUN_LETKF/member017/cm1.exe
Copied /work/jessica.mcdonald/CM1_LETKF_2020/RUN_LETKF/cm1.exe to directory  /work/jessica.mcdonald/CM1_LETKF_2020/RUN_LETKF/member017/cm1.exe
LINKIT:  ARG[0]: /work/jessica.mcdonald/CM1_LETKF_2020/RUN_LETKF/onefile.F  ARG[1]:  /work/jessica.mcdonald/CM1_LETKF_2020/RUN_LETKF/member017/onefile.F
Linked /work/jessica.mcdonald/CM1_LETKF_2020/RUN_LETKF/onefile.F to directory  /work/jessica.mcdonald/CM1_LETKF_2020/RUN_LETKF/member017/onefile.F
LINKIT:  ARG[0]: /work/jessica.mcdonald/CM1_LETKF_2020/RUN_LETKF/namelist.input  ARG[1]:  /work/jessica.mcdonald/CM1_LETKF_2020/RUN_LETKF/member017/namelist.input
Linked /work/jessica.mcdonald/CM1_LETKF_2020/RUN_LETKF/namelist.input to directory  /work/jessica.mcdonald/CM1_LETKF_2020/RUN_LETKF/member017/namelist.input
LINKIT:  ARG[0]: /work/jessica.mcdonald/CM1_LETKF_2020/RUN_LETKF/LANDUSE.TBL  ARG[1]:  /work/jessica.mcdonald/CM1_LETKF_2020/RUN_LETKF/member017/LANDUSE.TBL
Linked /work/jessica.mcdonald/CM1_LETKF_2020/RUN_LETKF/LANDUSE.TBL to directory  /work/jessica.mcdonald/CM1_LETKF_2020/RUN_LETKF/member017/LANDUSE.TBL
LINKIT:  ARG[0]: /work/jessica.mcdonald/CM1_LETKF_2020/RUN_LETKF/input_sounding  ARG[1]:  /work/jessica.mcdonald/CM1_LETKF_2020/RUN_LETKF/member017/input_sounding
Copied /work/jessica.mcdonald/CM1_LETKF_2020/RUN_LETKF/input_sounding to directory  /work/jessica.mcdonald/CM1_LETKF_2020/RUN_LETKF/member017/input_sounding
LINKIT:  ARG[0]: /work/jessica.mcdonald/CM1_LETKF_2020/RUN_LETKF/cm1.exe  ARG[1]:  /work/jessica.mcdonald/CM1_LETKF_2020/RUN_LETKF/member018/cm1.exe
Copied /work/jessica.mcdonald/CM1_LETKF_2020/RUN_LETKF/cm1.exe to directory  /work/jessica.mcdonald/CM1_LETKF_2020/RUN_LETKF/member018/cm1.exe
LINKIT:  ARG[0]: /work/jessica.mcdonald/CM1_LETKF_2020/RUN_LETKF/onefile.F  ARG[1]:  /work/jessica.mcdonald/CM1_LETKF_2020/RUN_LETKF/member018/onefile.F
Linked /work/jessica.mcdonald/CM1_LETKF_2020/RUN_LETKF/onefile.F to directory  /work/jessica.mcdonald/CM1_LETKF_2020/RUN_LETKF/member018/onefile.F
LINKIT:  ARG[0]: /work/jessica.mcdonald/CM1_LETKF_2020/RUN_LETKF/namelist.input  ARG[1]:  /work/jessica.mcdonald/CM1_LETKF_2020/RUN_LETKF/member018/namelist.input
Linked /work/jessica.mcdonald/CM1_LETKF_2020/RUN_LETKF/namelist.input to directory  /work/jessica.mcdonald/CM1_LETKF_2020/RUN_LETKF/member018/namelist.input
LINKIT:  ARG[0]: /work/jessica.mcdonald/CM1_LETKF_2020/RUN_LETKF/LANDUSE.TBL  ARG[1]:  /work/jessica.mcdonald/CM1_LETKF_2020/RUN_LETKF/member018/LANDUSE.TBL
Linked /work/jessica.mcdonald/CM1_LETKF_2020/RUN_LETKF/LANDUSE.TBL to directory  /work/jessica.mcdonald/CM1_LETKF_2020/RUN_LETKF/member018/LANDUSE.TBL
LINKIT:  ARG[0]: /work/jessica.mcdonald/CM1_LETKF_2020/RUN_LETKF/input_sounding  ARG[1]:  /work/jessica.mcdonald/CM1_LETKF_2020/RUN_LETKF/member018/input_sounding
Copied /work/jessica.mcdonald/CM1_LETKF_2020/RUN_LETKF/input_sounding to directory  /work/jessica.mcdonald/CM1_LETKF_2020/RUN_LETKF/member018/input_sounding
LINKIT:  ARG[0]: /work/jessica.mcdonald/CM1_LETKF_2020/RUN_LETKF/cm1.exe  ARG[1]:  /work/jessica.mcdonald/CM1_LETKF_2020/RUN_LETKF/member019/cm1.exe
Copied /work/jessica.mcdonald/CM1_LETKF_2020/RUN_LETKF/cm1.exe to directory  /work/jessica.mcdonald/CM1_LETKF_2020/RUN_LETKF/member019/cm1.exe
LINKIT:  ARG[0]: /work/jessica.mcdonald/CM1_LETKF_2020/RUN_LETKF/onefile.F  ARG[1]:  /work/jessica.mcdonald/CM1_LETKF_2020/RUN_LETKF/member019/onefile.F
Linked /work/jessica.mcdonald/CM1_LETKF_2020/RUN_LETKF/onefile.F to directory  /work/jessica.mcdonald/CM1_LETKF_2020/RUN_LETKF/member019/onefile.F
LINKIT:  ARG[0]: /work/jessica.mcdonald/CM1_LETKF_2020/RUN_LETKF/namelist.input  ARG[1]:  /work/jessica.mcdonald/CM1_LETKF_2020/RUN_LETKF/member019/namelist.input
Linked /work/jessica.mcdonald/CM1_LETKF_2020/RUN_LETKF/namelist.input to directory  /work/jessica.mcdonald/CM1_LETKF_2020/RUN_LETKF/member019/namelist.input
LINKIT:  ARG[0]: /work/jessica.mcdonald/CM1_LETKF_2020/RUN_LETKF/LANDUSE.TBL  ARG[1]:  /work/jessica.mcdonald/CM1_LETKF_2020/RUN_LETKF/member019/LANDUSE.TBL
Linked /work/jessica.mcdonald/CM1_LETKF_2020/RUN_LETKF/LANDUSE.TBL to directory  /work/jessica.mcdonald/CM1_LETKF_2020/RUN_LETKF/member019/LANDUSE.TBL
LINKIT:  ARG[0]: /work/jessica.mcdonald/CM1_LETKF_2020/RUN_LETKF/input_sounding  ARG[1]:  /work/jessica.mcdonald/CM1_LETKF_2020/RUN_LETKF/member019/input_sounding
Copied /work/jessica.mcdonald/CM1_LETKF_2020/RUN_LETKF/input_sounding to directory  /work/jessica.mcdonald/CM1_LETKF_2020/RUN_LETKF/member019/input_sounding
LINKIT:  ARG[0]: /work/jessica.mcdonald/CM1_LETKF_2020/RUN_LETKF/cm1.exe  ARG[1]:  /work/jessica.mcdonald/CM1_LETKF_2020/RUN_LETKF/member020/cm1.exe
Copied /work/jessica.mcdonald/CM1_LETKF_2020/RUN_LETKF/cm1.exe to directory  /work/jessica.mcdonald/CM1_LETKF_2020/RUN_LETKF/member020/cm1.exe
LINKIT:  ARG[0]: /work/jessica.mcdonald/CM1_LETKF_2020/RUN_LETKF/onefile.F  ARG[1]:  /work/jessica.mcdonald/CM1_LETKF_2020/RUN_LETKF/member020/onefile.F
Linked /work/jessica.mcdonald/CM1_LETKF_2020/RUN_LETKF/onefile.F to directory  /work/jessica.mcdonald/CM1_LETKF_2020/RUN_LETKF/member020/onefile.F
LINKIT:  ARG[0]: /work/jessica.mcdonald/CM1_LETKF_2020/RUN_LETKF/namelist.input  ARG[1]:  /work/jessica.mcdonald/CM1_LETKF_2020/RUN_LETKF/member020/namelist.input
Linked /work/jessica.mcdonald/CM1_LETKF_2020/RUN_LETKF/namelist.input to directory  /work/jessica.mcdonald/CM1_LETKF_2020/RUN_LETKF/member020/namelist.input
LINKIT:  ARG[0]: /work/jessica.mcdonald/CM1_LETKF_2020/RUN_LETKF/LANDUSE.TBL  ARG[1]:  /work/jessica.mcdonald/CM1_LETKF_2020/RUN_LETKF/member020/LANDUSE.TBL
Linked /work/jessica.mcdonald/CM1_LETKF_2020/RUN_LETKF/LANDUSE.TBL to directory  /work/jessica.mcdonald/CM1_LETKF_2020/RUN_LETKF/member020/LANDUSE.TBL
LINKIT:  ARG[0]: /work/jessica.mcdonald/CM1_LETKF_2020/RUN_LETKF/input_sounding  ARG[1]:  /work/jessica.mcdonald/CM1_LETKF_2020/RUN_LETKF/member020/input_sounding
Copied /work/jessica.mcdonald/CM1_LETKF_2020/RUN_LETKF/input_sounding to directory  /work/jessica.mcdonald/CM1_LETKF_2020/RUN_LETKF/member020/input_sounding

 Run_Fcst Script: IMPORTANT:  Run time not supplied...defaulting to init mode!!!

 Run_Fcst Script:  defaulting to 10 threads

 Run_Fcst Script: Number ensemble members to run not supplied, defaulting to experiment file:  20

 Run_Fcst Script: Initializing 020 ensemble members

 Now setting up forecast member: /work/jessica.mcdonald/CM1_LETKF_2020/RUN_LETKF/member001
/work/jessica.mcdonald/CM1_LETKF_2020/RUN_LETKF/member001/cm1.exe is the model path
/work/jessica.mcdonald/CM1_LETKF_2020/RUN_LETKF/member001/cm1.out is the outputfile path

 Now setting up forecast member: /work/jessica.mcdonald/CM1_LETKF_2020/RUN_LETKF/member002
/work/jessica.mcdonald/CM1_LETKF_2020/RUN_LETKF/member002/cm1.exe is the model path
/work/jessica.mcdonald/CM1_LETKF_2020/RUN_LETKF/member002/cm1.out is the outputfile path

 Now setting up forecast member: /work/jessica.mcdonald/CM1_LETKF_2020/RUN_LETKF/member003
/work/jessica.mcdonald/CM1_LETKF_2020/RUN_LETKF/member003/cm1.exe is the model path
/work/jessica.mcdonald/CM1_LETKF_2020/RUN_LETKF/member003/cm1.out is the outputfile path

 Now setting up forecast member: /work/jessica.mcdonald/CM1_LETKF_2020/RUN_LETKF/member004
/work/jessica.mcdonald/CM1_LETKF_2020/RUN_LETKF/member004/cm1.exe is the model path
/work/jessica.mcdonald/CM1_LETKF_2020/RUN_LETKF/member004/cm1.out is the outputfile path

 Now setting up forecast member: /work/jessica.mcdonald/CM1_LETKF_2020/RUN_LETKF/member005
/work/jessica.mcdonald/CM1_LETKF_2020/RUN_LETKF/member005/cm1.exe is the model path
/work/jessica.mcdonald/CM1_LETKF_2020/RUN_LETKF/member005/cm1.out is the outputfile path

 Executing command:  cd /work/jessica.mcdonald/CM1_LETKF_2020/RUN_LETKF/member001 ; ./cm1.exe >> cm1.out 
 Now setting up forecast member: /work/jessica.mcdonald/CM1_LETKF_2020/RUN_LETKF/member006

/work/jessica.mcdonald/CM1_LETKF_2020/RUN_LETKF/member006/cm1.exe is the model path
/work/jessica.mcdonald/CM1_LETKF_2020/RUN_LETKF/member006/cm1.out is the outputfile path

 Now setting up forecast member: /work/jessica.mcdonald/CM1_LETKF_2020/RUN_LETKF/member007

 Executing command:  cd /work/jessica.mcdonald/CM1_LETKF_2020/RUN_LETKF/member002 ; ./cm1.exe >> cm1.out /work/jessica.mcdonald/CM1_LETKF_2020/RUN_LETKF/member007/cm1.exe is the model path

/work/jessica.mcdonald/CM1_LETKF_2020/RUN_LETKF/member007/cm1.out is the outputfile path

 Now setting up forecast member: /work/jessica.mcdonald/CM1_LETKF_2020/RUN_LETKF/member008
/work/jessica.mcdonald/CM1_LETKF_2020/RUN_LETKF/member008/cm1.exe is the model path
/work/jessica.mcdonald/CM1_LETKF_2020/RUN_LETKF/member008/cm1.out is the outputfile path

 Now setting up forecast member: /work/jessica.mcdonald/CM1_LETKF_2020/RUN_LETKF/member009
/work/jessica.mcdonald/CM1_LETKF_2020/RUN_LETKF/member009/cm1.exe is the model path
/work/jessica.mcdonald/CM1_LETKF_2020/RUN_LETKF/member009/cm1.out is the outputfile path

 Executing command:  cd /work/jessica.mcdonald/CM1_LETKF_2020/RUN_LETKF/member003 ; ./cm1.exe >> cm1.out 

 Now setting up forecast member: /work/jessica.mcdonald/CM1_LETKF_2020/RUN_LETKF/member010

 Executing command:  cd /work/jessica.mcdonald/CM1_LETKF_2020/RUN_LETKF/member004 ; ./cm1.exe >> cm1.out 
/work/jessica.mcdonald/CM1_LETKF_2020/RUN_LETKF/member010/cm1.exe is the model path
/work/jessica.mcdonald/CM1_LETKF_2020/RUN_LETKF/member010/cm1.out is the outputfile path

 Now setting up forecast member: /work/jessica.mcdonald/CM1_LETKF_2020/RUN_LETKF/member011
/work/jessica.mcdonald/CM1_LETKF_2020/RUN_LETKF/member011/cm1.exe is the model path
/work/jessica.mcdonald/CM1_LETKF_2020/RUN_LETKF/member011/cm1.out is the outputfile path
 Executing command:  cd /work/jessica.mcdonald/CM1_LETKF_2020/RUN_LETKF/member005 ; ./cm1.exe >> cm1.out 


 Now setting up forecast member: /work/jessica.mcdonald/CM1_LETKF_2020/RUN_LETKF/member012
/work/jessica.mcdonald/CM1_LETKF_2020/RUN_LETKF/member012/cm1.exe is the model path
/work/jessica.mcdonald/CM1_LETKF_2020/RUN_LETKF/member012/cm1.out is the outputfile path

 Now setting up forecast member: /work/jessica.mcdonald/CM1_LETKF_2020/RUN_LETKF/member013
 Executing command:  cd /work/jessica.mcdonald/CM1_LETKF_2020/RUN_LETKF/member006 ; ./cm1.exe >> cm1.out 

/work/jessica.mcdonald/CM1_LETKF_2020/RUN_LETKF/member013/cm1.exe is the model path
/work/jessica.mcdonald/CM1_LETKF_2020/RUN_LETKF/member013/cm1.out is the outputfile path

 Now setting up forecast member: /work/jessica.mcdonald/CM1_LETKF_2020/RUN_LETKF/member014
/work/jessica.mcdonald/CM1_LETKF_2020/RUN_LETKF/member014/cm1.exe is the model path
/work/jessica.mcdonald/CM1_LETKF_2020/RUN_LETKF/member014/cm1.out is the outputfile path

 Now setting up forecast member: /work/jessica.mcdonald/CM1_LETKF_2020/RUN_LETKF/member015
 Executing command:  cd /work/jessica.mcdonald/CM1_LETKF_2020/RUN_LETKF/member007 ; ./cm1.exe >> cm1.out 

/work/jessica.mcdonald/CM1_LETKF_2020/RUN_LETKF/member015/cm1.exe is the model path
/work/jessica.mcdonald/CM1_LETKF_2020/RUN_LETKF/member015/cm1.out is the outputfile path

 Now setting up forecast member: /work/jessica.mcdonald/CM1_LETKF_2020/RUN_LETKF/member016
/work/jessica.mcdonald/CM1_LETKF_2020/RUN_LETKF/member016/cm1.exe is the model path
/work/jessica.mcdonald/CM1_LETKF_2020/RUN_LETKF/member016/cm1.out is the outputfile path

 Executing command:  cd /work/jessica.mcdonald/CM1_LETKF_2020/RUN_LETKF/member008 ; ./cm1.exe >> cm1.out 
 Now setting up forecast member: /work/jessica.mcdonald/CM1_LETKF_2020/RUN_LETKF/member017

/work/jessica.mcdonald/CM1_LETKF_2020/RUN_LETKF/member017/cm1.exe is the model path
/work/jessica.mcdonald/CM1_LETKF_2020/RUN_LETKF/member017/cm1.out is the outputfile path

 Now setting up forecast member: /work/jessica.mcdonald/CM1_LETKF_2020/RUN_LETKF/member018
/work/jessica.mcdonald/CM1_LETKF_2020/RUN_LETKF/member018/cm1.exe is the model path
 Executing command:  cd /work/jessica.mcdonald/CM1_LETKF_2020/RUN_LETKF/member009 ; ./cm1.exe >> cm1.out 

/work/jessica.mcdonald/CM1_LETKF_2020/RUN_LETKF/member018/cm1.out is the outputfile path

 Now setting up forecast member: /work/jessica.mcdonald/CM1_LETKF_2020/RUN_LETKF/member019
/work/jessica.mcdonald/CM1_LETKF_2020/RUN_LETKF/member019/cm1.exe is the model path
/work/jessica.mcdonald/CM1_LETKF_2020/RUN_LETKF/member019/cm1.out is the outputfile path

 Now setting up forecast member: /work/jessica.mcdonald/CM1_LETKF_2020/RUN_LETKF/member020
 Executing command:  cd /work/jessica.mcdonald/CM1_LETKF_2020/RUN_LETKF/member010 ; ./cm1.exe >> cm1.out 

/work/jessica.mcdonald/CM1_LETKF_2020/RUN_LETKF/member020/cm1.exe is the model path
/work/jessica.mcdonald/CM1_LETKF_2020/RUN_LETKF/member020/cm1.out is the outputfile path
Note: The following floating-point exceptions are signalling: IEEE_INVALID_FLAG
STOP 55556
Note: The following floating-point exceptions are signalling: IEEE_INVALID_FLAG
STOP 55556
 cwccn, cck, ccne =    2.00000000E+09  0.600000024       342431840.      0.989282310      0.346153885    
 cwccn, cck, ccne =    2.00000000E+09  0.600000024       342431840.      0.989282310      0.346153885    
Note: The following floating-point exceptions are signalling: IEEE_INVALID_FLAG
STOP 55556
Note: The following floating-point exceptions are signalling: IEEE_INVALID_FLAG
STOP 55556
Note: The following floating-point exceptions are signalling: IEEE_INVALID_FLAG
STOP 55556
 cwccn, cck, ccne =    2.00000000E+09  0.600000024       342431840.      0.989282310      0.346153885    
 cwccn, cck, ccne =    2.00000000E+09  0.600000024       342431840.      0.989282310      0.346153885    
Note: The following floating-point exceptions are signalling: IEEE_INVALID_FLAG
STOP 55556
 cwccn, cck, ccne =    2.00000000E+09  0.600000024       342431840.      0.989282310      0.346153885    
 cwccn, cck, ccne =    2.00000000E+09  0.600000024       342431840.      0.989282310      0.346153885    
Note: The following floating-point exceptions are signalling: IEEE_INVALID_FLAG
STOP 55556
 cwccn, cck, ccne =    2.00000000E+09  0.600000024       342431840.      0.989282310      0.346153885    
Note: The following floating-point exceptions are signalling: IEEE_INVALID_FLAG
STOP 55556
Note: The following floating-point exceptions are signalling: IEEE_INVALID_FLAG
STOP 55556
 cwccn, cck, ccne =    2.00000000E+09  0.600000024       342431840.      0.989282310      0.346153885    
Note: The following floating-point exceptions are signalling: IEEE_INVALID_FLAG
STOP 55556
 cwccn, cck, ccne =    2.00000000E+09  0.600000024       342431840.      0.989282310      0.346153885    
 cwccn, cck, ccne =    2.00000000E+09  0.600000024       342431840.      0.989282310      0.346153885    

 cd /work/jessica.mcdonald/CM1_LETKF_2020/RUN_LETKF/member006 ; ./cm1.exe >> cm1.out completed....

 Executing command:  cd /work/jessica.mcdonald/CM1_LETKF_2020/RUN_LETKF/member011 ; ./cm1.exe >> cm1.out 

 cd /work/jessica.mcdonald/CM1_LETKF_2020/RUN_LETKF/member007 ; ./cm1.exe >> cm1.out completed....

 Executing command:  cd /work/jessica.mcdonald/CM1_LETKF_2020/RUN_LETKF/member012 ; ./cm1.exe >> cm1.out 

 cd /work/jessica.mcdonald/CM1_LETKF_2020/RUN_LETKF/member009 ; ./cm1.exe >> cm1.out completed....

 Executing command:  cd /work/jessica.mcdonald/CM1_LETKF_2020/RUN_LETKF/member013 ; ./cm1.exe >> cm1.out 

 cd /work/jessica.mcdonald/CM1_LETKF_2020/RUN_LETKF/member010 ; ./cm1.exe >> cm1.out completed....

 cd /work/jessica.mcdonald/CM1_LETKF_2020/RUN_LETKF/member004 ; ./cm1.exe >> cm1.out completed....

 cd /work/jessica.mcdonald/CM1_LETKF_2020/RUN_LETKF/member008 ; ./cm1.exe >> cm1.out completed....

 Executing command:  cd /work/jessica.mcdonald/CM1_LETKF_2020/RUN_LETKF/member014 ; ./cm1.exe >> cm1.out 

 Executing command:  cd /work/jessica.mcdonald/CM1_LETKF_2020/RUN_LETKF/member015 ; ./cm1.exe >> cm1.out 

 Executing command:  cd /work/jessica.mcdonald/CM1_LETKF_2020/RUN_LETKF/member016 ; ./cm1.exe >> cm1.out 

 cd /work/jessica.mcdonald/CM1_LETKF_2020/RUN_LETKF/member005 ; ./cm1.exe >> cm1.out completed....

 Executing command:  cd /work/jessica.mcdonald/CM1_LETKF_2020/RUN_LETKF/member017 ; ./cm1.exe >> cm1.out 

 cd /work/jessica.mcdonald/CM1_LETKF_2020/RUN_LETKF/member003 ; ./cm1.exe >> cm1.out completed....
 cd /work/jessica.mcdonald/CM1_LETKF_2020/RUN_LETKF/member001 ; ./cm1.exe >> cm1.out completed....
 cd /work/jessica.mcdonald/CM1_LETKF_2020/RUN_LETKF/member002 ; ./cm1.exe >> cm1.out completed....



 Executing command:  cd /work/jessica.mcdonald/CM1_LETKF_2020/RUN_LETKF/member018 ; ./cm1.exe >> cm1.out 

 Executing command:  cd /work/jessica.mcdonald/CM1_LETKF_2020/RUN_LETKF/member019 ; ./cm1.exe >> cm1.out 

 Executing command:  cd /work/jessica.mcdonald/CM1_LETKF_2020/RUN_LETKF/member020 ; ./cm1.exe >> cm1.out 
Note: The following floating-point exceptions are signalling: IEEE_INVALID_FLAG
STOP 55556
Note: The following floating-point exceptions are signalling: IEEE_INVALID_FLAG
STOP 55556
 cwccn, cck, ccne =    2.00000000E+09  0.600000024       342431840.      0.989282310      0.346153885    
 cwccn, cck, ccne =    2.00000000E+09  0.600000024       342431840.      0.989282310      0.346153885    
Note: The following floating-point exceptions are signalling: IEEE_INVALID_FLAG
STOP 55556
 cwccn, cck, ccne =    2.00000000E+09  0.600000024       342431840.      0.989282310      0.346153885    
Note: The following floating-point exceptions are signalling: IEEE_INVALID_FLAG
STOP 55556
 cwccn, cck, ccne =    2.00000000E+09  0.600000024       342431840.      0.989282310      0.346153885    
Note: The following floating-point exceptions are signalling: IEEE_INVALID_FLAG
STOP 55556
 cwccn, cck, ccne =    2.00000000E+09  0.600000024       342431840.      0.989282310      0.346153885    
Note: The following floating-point exceptions are signalling: IEEE_INVALID_FLAG
STOP 55556

 cd /work/jessica.mcdonald/CM1_LETKF_2020/RUN_LETKF/member013 ; ./cm1.exe >> cm1.out completed....
 cd /work/jessica.mcdonald/CM1_LETKF_2020/RUN_LETKF/member011 ; ./cm1.exe >> cm1.out completed....


 cd /work/jessica.mcdonald/CM1_LETKF_2020/RUN_LETKF/member017 ; ./cm1.exe >> cm1.out completed....
 cwccn, cck, ccne =    2.00000000E+09  0.600000024       342431840.      0.989282310      0.346153885    

 cd /work/jessica.mcdonald/CM1_LETKF_2020/RUN_LETKF/member020 ; ./cm1.exe >> cm1.out completed....
Note: The following floating-point exceptions are signalling: IEEE_INVALID_FLAG
STOP 55556
 cwccn, cck, ccne =    2.00000000E+09  0.600000024       342431840.      0.989282310      0.346153885    
Note: The following floating-point exceptions are signalling: IEEE_INVALID_FLAG
STOP 55556
 cwccn, cck, ccne =    2.00000000E+09  0.600000024       342431840.      0.989282310      0.346153885    
Note: The following floating-point exceptions are signalling: IEEE_INVALID_FLAG
STOP 55556
 cwccn, cck, ccne =    2.00000000E+09  0.600000024       342431840.      0.989282310      0.346153885    

 cd /work/jessica.mcdonald/CM1_LETKF_2020/RUN_LETKF/member016 ; ./cm1.exe >> cm1.out completed....

 cd /work/jessica.mcdonald/CM1_LETKF_2020/RUN_LETKF/member012 ; ./cm1.exe >> cm1.out completed....
Note: The following floating-point exceptions are signalling: IEEE_INVALID_FLAG
STOP 55556
 cwccn, cck, ccne =    2.00000000E+09  0.600000024       342431840.      0.989282310      0.346153885    

 cd /work/jessica.mcdonald/CM1_LETKF_2020/RUN_LETKF/member015 ; ./cm1.exe >> cm1.out completed....
 cd /work/jessica.mcdonald/CM1_LETKF_2020/RUN_LETKF/member019 ; ./cm1.exe >> cm1.out completed....
 cd /work/jessica.mcdonald/CM1_LETKF_2020/RUN_LETKF/member018 ; ./cm1.exe >> cm1.out completed....



 cd /work/jessica.mcdonald/CM1_LETKF_2020/RUN_LETKF/member014 ; ./cm1.exe >> cm1.out completed....

Run_Fcst Script: Model runs initialized for experiment   1.738000  CPU secs

Traceback (most recent call last):
  File "/work/jessica.mcdonald/CM1_LETKF_2020/ens.py", line 19, in <module>
    from pyproj import Proj
ModuleNotFoundError: No module named 'pyproj'

 ==> RUN_FCST: Date&time supplied: 2003 05-08 20:40:00, which corresponds to a local model time of 0 sec

 Run_Fcst Script:  defaulting to 10 threads

 Run_Fcst Script: Number ensemble members to run not supplied, defaulting to experiment file:  20

 Run_Fcst Script: Integrating 020 ensemble members for 1200 seconds

 Found time 0 in file:  /work/jessica.mcdonald/CM1_LETKF_2020/RUN_LETKF/member001/cm1out_rst_000000.nc
Traceback (most recent call last):
  File "/work/jessica.mcdonald/CM1_LETKF_2020/run_fcst.py", line 160, in <module>
    print(FindRestartFile(experiment['fcst_members'][0],output_basename,start_time))
  File "/work/jessica.mcdonald/CM1_LETKF_2020/run_fcst.py", line 35, in FindRestartFile
    return N.int(m)
  File "/home/jessica.mcdonald/miniconda3/envs/letkf_env/lib/python3.10/site-packages/numpy/__init__.py", line 394, in __getattr__
    raise AttributeError(__former_attrs__[attr])
AttributeError: module 'numpy' has no attribute 'int'.
`np.int` was a deprecated alias for the builtin `int`. To avoid this error in existing code, use `int` by itself. Doing this will not modify any behavior and is safe. When replacing `np.int`, you may wish to use e.g. `np.int64` or `np.int32` to specify the precision. If you wish to review your current use, check the release note link for additional information.
The aliases was originally deprecated in NumPy 1.20; for more details and guidance see the original release note at:
    https://numpy.org/devdocs/release/1.20.0-notes.html#deprecations. Did you mean: 'inf'?

  ----------------------------------------------------------------------

               BEGIN PROGRAM RUN_FILTER                                 

  This script sets the parameters to create Hx's and runs the letkf code

  ----------------------------------------------------------------------


 --> Run_Filter:  using the window from the EXPER file:  +/- 150 secs

 --> Run_Filter:  using Synchronous DA with freq from command line:  -300 secs

 --> Run_Filter:  using the observation file from the EXPER file:  Obs/obs_seq_8may03_2km.h5

 --> Run_Filter:  Number of threads requested is from EXPER file:  1

 --> Run_Filter:  using the inflation method from EXPER file:  1

  >=======================  Run_Filter:  Now creating Priors =============================<  

Traceback (most recent call last):
  File "/work/jessica.mcdonald/CM1_LETKF_2020/run_filter.py", line 150, in <module>
    dt      = DT.timedelta(seconds=N.int(sec))
  File "/home/jessica.mcdonald/miniconda3/envs/letkf_env/lib/python3.10/site-packages/numpy/__init__.py", line 394, in __getattr__
    raise AttributeError(__former_attrs__[attr])
AttributeError: module 'numpy' has no attribute 'int'.
`np.int` was a deprecated alias for the builtin `int`. To avoid this error in existing code, use `int` by itself. Doing this will not modify any behavior and is safe. When replacing `np.int`, you may wish to use e.g. `np.int64` or `np.int32` to specify the precision. If you wish to review your current use, check the release note link for additional information.
The aliases was originally deprecated in NumPy 1.20; for more details and guidance see the original release note at:
    https://numpy.org/devdocs/release/1.20.0-notes.html#deprecations. Did you mean: 'inf'?

 ==> RUN_FCST: Date&time supplied: 2003 05-08 21:00:00, which corresponds to a local model time of 1200 sec

 Run_Fcst Script:  defaulting to 10 threads

 Run_Fcst Script: Number ensemble members to run not supplied, defaulting to experiment file:  20

 Run_Fcst Script: Integrating 020 ensemble members for 0300 seconds


ERROR!!!

FindRestartFile: A file with the restart time of 1200 cannot be found, exiting!!!


ERROR!!!

 ==> RUN_FCST: Date&time supplied: 2003 05-08 22:00:00, which corresponds to a local model time of 4800 sec

 Run_Fcst Script:  defaulting to 10 threads

 Run_Fcst Script: Number ensemble members to run not supplied, defaulting to experiment file:  20

 Run_Fcst Script: Integrating 020 ensemble members for 1800 seconds


ERROR!!!

FindRestartFile: A file with the restart time of 4800 cannot be found, exiting!!!


ERROR!!!

  ----------------------------------------------------------------------

               BEGIN PROGRAM RUN_FILTER                                 

  This script sets the parameters to create Hx's and runs the letkf code

  ----------------------------------------------------------------------


 --> Run_Filter:  using the window from the EXPER file:  +/- 150 secs

 --> Run_Filter:  using Synchronous DA with freq from command line:  -300 secs

 --> Run_Filter:  using the observation file from the EXPER file:  Obs/obs_seq_8may03_2km.h5

 --> Run_Filter:  Number of threads requested is from EXPER file:  1

 --> Run_Filter:  using the inflation method from EXPER file:  1

  >=======================  Run_Filter:  Now creating Priors =============================<  

Traceback (most recent call last):
  File "/work/jessica.mcdonald/CM1_LETKF_2020/run_filter.py", line 150, in <module>
    dt      = DT.timedelta(seconds=N.int(sec))
  File "/home/jessica.mcdonald/miniconda3/envs/letkf_env/lib/python3.10/site-packages/numpy/__init__.py", line 394, in __getattr__
    raise AttributeError(__former_attrs__[attr])
AttributeError: module 'numpy' has no attribute 'int'.
`np.int` was a deprecated alias for the builtin `int`. To avoid this error in existing code, use `int` by itself. Doing this will not modify any behavior and is safe. When replacing `np.int`, you may wish to use e.g. `np.int64` or `np.int32` to specify the precision. If you wish to review your current use, check the release note link for additional information.
The aliases was originally deprecated in NumPy 1.20; for more details and guidance see the original release note at:
    https://numpy.org/devdocs/release/1.20.0-notes.html#deprecations. Did you mean: 'inf'?

 ==> RUN_FCST: Date&time supplied: 2003 05-08 21:05:00, which corresponds to a local model time of 1500 sec

 Run_Fcst Script:  defaulting to 10 threads

 Run_Fcst Script: Number ensemble members to run not supplied, defaulting to experiment file:  20

 Run_Fcst Script: Integrating 020 ensemble members for 0300 seconds


ERROR!!!

FindRestartFile: A file with the restart time of 1500 cannot be found, exiting!!!


ERROR!!!

 ==> RUN_FCST: Date&time supplied: 2003 05-08 22:00:00, which corresponds to a local model time of 4800 sec

 Run_Fcst Script:  defaulting to 10 threads

 Run_Fcst Script: Number ensemble members to run not supplied, defaulting to experiment file:  20

 Run_Fcst Script: Integrating 020 ensemble members for 1800 seconds


ERROR!!!

FindRestartFile: A file with the restart time of 4800 cannot be found, exiting!!!


ERROR!!!

  ----------------------------------------------------------------------

               BEGIN PROGRAM RUN_FILTER                                 

  This script sets the parameters to create Hx's and runs the letkf code

  ----------------------------------------------------------------------


 --> Run_Filter:  using the window from the EXPER file:  +/- 150 secs

 --> Run_Filter:  using Synchronous DA with freq from command line:  -300 secs

 --> Run_Filter:  using the observation file from the EXPER file:  Obs/obs_seq_8may03_2km.h5

 --> Run_Filter:  Number of threads requested is from EXPER file:  1

 --> Run_Filter:  using the inflation method from EXPER file:  1

  >=======================  Run_Filter:  Now creating Priors =============================<  

Traceback (most recent call last):
  File "/work/jessica.mcdonald/CM1_LETKF_2020/run_filter.py", line 150, in <module>
    dt      = DT.timedelta(seconds=N.int(sec))
  File "/home/jessica.mcdonald/miniconda3/envs/letkf_env/lib/python3.10/site-packages/numpy/__init__.py", line 394, in __getattr__
    raise AttributeError(__former_attrs__[attr])
AttributeError: module 'numpy' has no attribute 'int'.
`np.int` was a deprecated alias for the builtin `int`. To avoid this error in existing code, use `int` by itself. Doing this will not modify any behavior and is safe. When replacing `np.int`, you may wish to use e.g. `np.int64` or `np.int32` to specify the precision. If you wish to review your current use, check the release note link for additional information.
The aliases was originally deprecated in NumPy 1.20; for more details and guidance see the original release note at:
    https://numpy.org/devdocs/release/1.20.0-notes.html#deprecations. Did you mean: 'inf'?

 ==> RUN_FCST: Date&time supplied: 2003 05-08 21:10:00, which corresponds to a local model time of 1800 sec

 Run_Fcst Script:  defaulting to 10 threads

 Run_Fcst Script: Number ensemble members to run not supplied, defaulting to experiment file:  20

 Run_Fcst Script: Integrating 020 ensemble members for 0300 seconds


ERROR!!!

FindRestartFile: A file with the restart time of 1800 cannot be found, exiting!!!


ERROR!!!

 ==> RUN_FCST: Date&time supplied: 2003 05-08 22:00:00, which corresponds to a local model time of 4800 sec

 Run_Fcst Script:  defaulting to 10 threads

 Run_Fcst Script: Number ensemble members to run not supplied, defaulting to experiment file:  20

 Run_Fcst Script: Integrating 020 ensemble members for 1800 seconds


ERROR!!!

FindRestartFile: A file with the restart time of 4800 cannot be found, exiting!!!


ERROR!!!

  ----------------------------------------------------------------------

               BEGIN PROGRAM RUN_FILTER                                 

  This script sets the parameters to create Hx's and runs the letkf code

  ----------------------------------------------------------------------


 --> Run_Filter:  using the window from the EXPER file:  +/- 150 secs

 --> Run_Filter:  using Synchronous DA with freq from command line:  -300 secs

 --> Run_Filter:  using the observation file from the EXPER file:  Obs/obs_seq_8may03_2km.h5

 --> Run_Filter:  Number of threads requested is from EXPER file:  1

 --> Run_Filter:  using the inflation method from EXPER file:  1

  >=======================  Run_Filter:  Now creating Priors =============================<  

Traceback (most recent call last):
  File "/work/jessica.mcdonald/CM1_LETKF_2020/run_filter.py", line 150, in <module>
    dt      = DT.timedelta(seconds=N.int(sec))
  File "/home/jessica.mcdonald/miniconda3/envs/letkf_env/lib/python3.10/site-packages/numpy/__init__.py", line 394, in __getattr__
    raise AttributeError(__former_attrs__[attr])
AttributeError: module 'numpy' has no attribute 'int'.
`np.int` was a deprecated alias for the builtin `int`. To avoid this error in existing code, use `int` by itself. Doing this will not modify any behavior and is safe. When replacing `np.int`, you may wish to use e.g. `np.int64` or `np.int32` to specify the precision. If you wish to review your current use, check the release note link for additional information.
The aliases was originally deprecated in NumPy 1.20; for more details and guidance see the original release note at:
    https://numpy.org/devdocs/release/1.20.0-notes.html#deprecations. Did you mean: 'inf'?

 ==> RUN_FCST: Date&time supplied: 2003 05-08 21:15:00, which corresponds to a local model time of 2100 sec

 Run_Fcst Script:  defaulting to 10 threads

 Run_Fcst Script: Number ensemble members to run not supplied, defaulting to experiment file:  20

 Run_Fcst Script: Integrating 020 ensemble members for 0300 seconds


ERROR!!!

FindRestartFile: A file with the restart time of 2100 cannot be found, exiting!!!


ERROR!!!

 ==> RUN_FCST: Date&time supplied: 2003 05-08 22:00:00, which corresponds to a local model time of 4800 sec

 Run_Fcst Script:  defaulting to 10 threads

 Run_Fcst Script: Number ensemble members to run not supplied, defaulting to experiment file:  20

 Run_Fcst Script: Integrating 020 ensemble members for 1800 seconds


ERROR!!!

FindRestartFile: A file with the restart time of 4800 cannot be found, exiting!!!


ERROR!!!

  ----------------------------------------------------------------------

               BEGIN PROGRAM RUN_FILTER                                 

  This script sets the parameters to create Hx's and runs the letkf code

  ----------------------------------------------------------------------


 --> Run_Filter:  using the window from the EXPER file:  +/- 150 secs

 --> Run_Filter:  using Synchronous DA with freq from command line:  -300 secs

 --> Run_Filter:  using the observation file from the EXPER file:  Obs/obs_seq_8may03_2km.h5

 --> Run_Filter:  Number of threads requested is from EXPER file:  1

 --> Run_Filter:  using the inflation method from EXPER file:  1

  >=======================  Run_Filter:  Now creating Priors =============================<  

Traceback (most recent call last):
  File "/work/jessica.mcdonald/CM1_LETKF_2020/run_filter.py", line 150, in <module>
    dt      = DT.timedelta(seconds=N.int(sec))
  File "/home/jessica.mcdonald/miniconda3/envs/letkf_env/lib/python3.10/site-packages/numpy/__init__.py", line 394, in __getattr__
    raise AttributeError(__former_attrs__[attr])
AttributeError: module 'numpy' has no attribute 'int'.
`np.int` was a deprecated alias for the builtin `int`. To avoid this error in existing code, use `int` by itself. Doing this will not modify any behavior and is safe. When replacing `np.int`, you may wish to use e.g. `np.int64` or `np.int32` to specify the precision. If you wish to review your current use, check the release note link for additional information.
The aliases was originally deprecated in NumPy 1.20; for more details and guidance see the original release note at:
    https://numpy.org/devdocs/release/1.20.0-notes.html#deprecations. Did you mean: 'inf'?

 ==> RUN_FCST: Date&time supplied: 2003 05-08 21:20:00, which corresponds to a local model time of 2400 sec

 Run_Fcst Script:  defaulting to 10 threads

 Run_Fcst Script: Number ensemble members to run not supplied, defaulting to experiment file:  20

 Run_Fcst Script: Integrating 020 ensemble members for 0300 seconds


ERROR!!!

FindRestartFile: A file with the restart time of 2400 cannot be found, exiting!!!


ERROR!!!

 ==> RUN_FCST: Date&time supplied: 2003 05-08 22:00:00, which corresponds to a local model time of 4800 sec

 Run_Fcst Script:  defaulting to 10 threads

 Run_Fcst Script: Number ensemble members to run not supplied, defaulting to experiment file:  20

 Run_Fcst Script: Integrating 020 ensemble members for 1800 seconds


ERROR!!!

FindRestartFile: A file with the restart time of 4800 cannot be found, exiting!!!


ERROR!!!

  ----------------------------------------------------------------------

               BEGIN PROGRAM RUN_FILTER                                 

  This script sets the parameters to create Hx's and runs the letkf code

  ----------------------------------------------------------------------


 --> Run_Filter:  using the window from the EXPER file:  +/- 150 secs

 --> Run_Filter:  using Synchronous DA with freq from command line:  -300 secs

 --> Run_Filter:  using the observation file from the EXPER file:  Obs/obs_seq_8may03_2km.h5

 --> Run_Filter:  Number of threads requested is from EXPER file:  1

 --> Run_Filter:  using the inflation method from EXPER file:  1

  >=======================  Run_Filter:  Now creating Priors =============================<  

Traceback (most recent call last):
  File "/work/jessica.mcdonald/CM1_LETKF_2020/run_filter.py", line 150, in <module>
    dt      = DT.timedelta(seconds=N.int(sec))
  File "/home/jessica.mcdonald/miniconda3/envs/letkf_env/lib/python3.10/site-packages/numpy/__init__.py", line 394, in __getattr__
    raise AttributeError(__former_attrs__[attr])
AttributeError: module 'numpy' has no attribute 'int'.
`np.int` was a deprecated alias for the builtin `int`. To avoid this error in existing code, use `int` by itself. Doing this will not modify any behavior and is safe. When replacing `np.int`, you may wish to use e.g. `np.int64` or `np.int32` to specify the precision. If you wish to review your current use, check the release note link for additional information.
The aliases was originally deprecated in NumPy 1.20; for more details and guidance see the original release note at:
    https://numpy.org/devdocs/release/1.20.0-notes.html#deprecations. Did you mean: 'inf'?

 ==> RUN_FCST: Date&time supplied: 2003 05-08 21:25:00, which corresponds to a local model time of 2700 sec

 Run_Fcst Script:  defaulting to 10 threads

 Run_Fcst Script: Number ensemble members to run not supplied, defaulting to experiment file:  20

 Run_Fcst Script: Integrating 020 ensemble members for 0300 seconds


ERROR!!!

FindRestartFile: A file with the restart time of 2700 cannot be found, exiting!!!


ERROR!!!

 ==> RUN_FCST: Date&time supplied: 2003 05-08 22:00:00, which corresponds to a local model time of 4800 sec

 Run_Fcst Script:  defaulting to 10 threads

 Run_Fcst Script: Number ensemble members to run not supplied, defaulting to experiment file:  20

 Run_Fcst Script: Integrating 020 ensemble members for 1800 seconds


ERROR!!!

FindRestartFile: A file with the restart time of 4800 cannot be found, exiting!!!


ERROR!!!

  ----------------------------------------------------------------------

               BEGIN PROGRAM RUN_FILTER                                 

  This script sets the parameters to create Hx's and runs the letkf code

  ----------------------------------------------------------------------


 --> Run_Filter:  using the window from the EXPER file:  +/- 150 secs

 --> Run_Filter:  using Synchronous DA with freq from command line:  -300 secs

 --> Run_Filter:  using the observation file from the EXPER file:  Obs/obs_seq_8may03_2km.h5

 --> Run_Filter:  Number of threads requested is from EXPER file:  1

 --> Run_Filter:  using the inflation method from EXPER file:  1

  >=======================  Run_Filter:  Now creating Priors =============================<  

Traceback (most recent call last):
  File "/work/jessica.mcdonald/CM1_LETKF_2020/run_filter.py", line 150, in <module>
    dt      = DT.timedelta(seconds=N.int(sec))
  File "/home/jessica.mcdonald/miniconda3/envs/letkf_env/lib/python3.10/site-packages/numpy/__init__.py", line 394, in __getattr__
    raise AttributeError(__former_attrs__[attr])
AttributeError: module 'numpy' has no attribute 'int'.
`np.int` was a deprecated alias for the builtin `int`. To avoid this error in existing code, use `int` by itself. Doing this will not modify any behavior and is safe. When replacing `np.int`, you may wish to use e.g. `np.int64` or `np.int32` to specify the precision. If you wish to review your current use, check the release note link for additional information.
The aliases was originally deprecated in NumPy 1.20; for more details and guidance see the original release note at:
    https://numpy.org/devdocs/release/1.20.0-notes.html#deprecations. Did you mean: 'inf'?

 ==> RUN_FCST: Date&time supplied: 2003 05-08 21:30:00, which corresponds to a local model time of 3000 sec

 Run_Fcst Script:  defaulting to 10 threads

 Run_Fcst Script: Number ensemble members to run not supplied, defaulting to experiment file:  20

 Run_Fcst Script: Integrating 020 ensemble members for 0300 seconds


ERROR!!!

FindRestartFile: A file with the restart time of 3000 cannot be found, exiting!!!


ERROR!!!

 ==> RUN_FCST: Date&time supplied: 2003 05-08 22:00:00, which corresponds to a local model time of 4800 sec

 Run_Fcst Script:  defaulting to 10 threads

 Run_Fcst Script: Number ensemble members to run not supplied, defaulting to experiment file:  20

 Run_Fcst Script: Integrating 020 ensemble members for 1800 seconds


ERROR!!!

FindRestartFile: A file with the restart time of 4800 cannot be found, exiting!!!


ERROR!!!

  ----------------------------------------------------------------------

               BEGIN PROGRAM RUN_FILTER                                 

  This script sets the parameters to create Hx's and runs the letkf code

  ----------------------------------------------------------------------


 --> Run_Filter:  using the window from the EXPER file:  +/- 150 secs

 --> Run_Filter:  using Synchronous DA with freq from command line:  -300 secs

 --> Run_Filter:  using the observation file from the EXPER file:  Obs/obs_seq_8may03_2km.h5

 --> Run_Filter:  Number of threads requested is from EXPER file:  1

 --> Run_Filter:  using the inflation method from EXPER file:  1

  >=======================  Run_Filter:  Now creating Priors =============================<  

Traceback (most recent call last):
  File "/work/jessica.mcdonald/CM1_LETKF_2020/run_filter.py", line 150, in <module>
    dt      = DT.timedelta(seconds=N.int(sec))
  File "/home/jessica.mcdonald/miniconda3/envs/letkf_env/lib/python3.10/site-packages/numpy/__init__.py", line 394, in __getattr__
    raise AttributeError(__former_attrs__[attr])
AttributeError: module 'numpy' has no attribute 'int'.
`np.int` was a deprecated alias for the builtin `int`. To avoid this error in existing code, use `int` by itself. Doing this will not modify any behavior and is safe. When replacing `np.int`, you may wish to use e.g. `np.int64` or `np.int32` to specify the precision. If you wish to review your current use, check the release note link for additional information.
The aliases was originally deprecated in NumPy 1.20; for more details and guidance see the original release note at:
    https://numpy.org/devdocs/release/1.20.0-notes.html#deprecations. Did you mean: 'inf'?

 ==> RUN_FCST: Date&time supplied: 2003 05-08 21:35:00, which corresponds to a local model time of 3300 sec

 Run_Fcst Script:  defaulting to 10 threads

 Run_Fcst Script: Number ensemble members to run not supplied, defaulting to experiment file:  20

 Run_Fcst Script: Integrating 020 ensemble members for 0300 seconds


ERROR!!!

FindRestartFile: A file with the restart time of 3300 cannot be found, exiting!!!


ERROR!!!

 ==> RUN_FCST: Date&time supplied: 2003 05-08 22:00:00, which corresponds to a local model time of 4800 sec

 Run_Fcst Script:  defaulting to 10 threads

 Run_Fcst Script: Number ensemble members to run not supplied, defaulting to experiment file:  20

 Run_Fcst Script: Integrating 020 ensemble members for 1800 seconds


ERROR!!!

FindRestartFile: A file with the restart time of 4800 cannot be found, exiting!!!


ERROR!!!

  ----------------------------------------------------------------------

               BEGIN PROGRAM RUN_FILTER                                 

  This script sets the parameters to create Hx's and runs the letkf code

  ----------------------------------------------------------------------


 --> Run_Filter:  using the window from the EXPER file:  +/- 150 secs

 --> Run_Filter:  using Synchronous DA with freq from command line:  -300 secs

 --> Run_Filter:  using the observation file from the EXPER file:  Obs/obs_seq_8may03_2km.h5

 --> Run_Filter:  Number of threads requested is from EXPER file:  1

 --> Run_Filter:  using the inflation method from EXPER file:  1

  >=======================  Run_Filter:  Now creating Priors =============================<  

Traceback (most recent call last):
  File "/work/jessica.mcdonald/CM1_LETKF_2020/run_filter.py", line 150, in <module>
    dt      = DT.timedelta(seconds=N.int(sec))
  File "/home/jessica.mcdonald/miniconda3/envs/letkf_env/lib/python3.10/site-packages/numpy/__init__.py", line 394, in __getattr__
    raise AttributeError(__former_attrs__[attr])
AttributeError: module 'numpy' has no attribute 'int'.
`np.int` was a deprecated alias for the builtin `int`. To avoid this error in existing code, use `int` by itself. Doing this will not modify any behavior and is safe. When replacing `np.int`, you may wish to use e.g. `np.int64` or `np.int32` to specify the precision. If you wish to review your current use, check the release note link for additional information.
The aliases was originally deprecated in NumPy 1.20; for more details and guidance see the original release note at:
    https://numpy.org/devdocs/release/1.20.0-notes.html#deprecations. Did you mean: 'inf'?

 ==> RUN_FCST: Date&time supplied: 2003 05-08 21:40:00, which corresponds to a local model time of 3600 sec

 Run_Fcst Script:  defaulting to 10 threads

 Run_Fcst Script: Number ensemble members to run not supplied, defaulting to experiment file:  20

 Run_Fcst Script: Integrating 020 ensemble members for 0300 seconds


ERROR!!!

FindRestartFile: A file with the restart time of 3600 cannot be found, exiting!!!


ERROR!!!

 ==> RUN_FCST: Date&time supplied: 2003 05-08 22:00:00, which corresponds to a local model time of 4800 sec

 Run_Fcst Script:  defaulting to 10 threads

 Run_Fcst Script: Number ensemble members to run not supplied, defaulting to experiment file:  20

 Run_Fcst Script: Integrating 020 ensemble members for 1800 seconds


ERROR!!!

FindRestartFile: A file with the restart time of 4800 cannot be found, exiting!!!


ERROR!!!

  ----------------------------------------------------------------------

               BEGIN PROGRAM RUN_FILTER                                 

  This script sets the parameters to create Hx's and runs the letkf code

  ----------------------------------------------------------------------


 --> Run_Filter:  using the window from the EXPER file:  +/- 150 secs

 --> Run_Filter:  using Synchronous DA with freq from command line:  -300 secs

 --> Run_Filter:  using the observation file from the EXPER file:  Obs/obs_seq_8may03_2km.h5

 --> Run_Filter:  Number of threads requested is from EXPER file:  1

 --> Run_Filter:  using the inflation method from EXPER file:  1

  >=======================  Run_Filter:  Now creating Priors =============================<  

Traceback (most recent call last):
  File "/work/jessica.mcdonald/CM1_LETKF_2020/run_filter.py", line 150, in <module>
    dt      = DT.timedelta(seconds=N.int(sec))
  File "/home/jessica.mcdonald/miniconda3/envs/letkf_env/lib/python3.10/site-packages/numpy/__init__.py", line 394, in __getattr__
    raise AttributeError(__former_attrs__[attr])
AttributeError: module 'numpy' has no attribute 'int'.
`np.int` was a deprecated alias for the builtin `int`. To avoid this error in existing code, use `int` by itself. Doing this will not modify any behavior and is safe. When replacing `np.int`, you may wish to use e.g. `np.int64` or `np.int32` to specify the precision. If you wish to review your current use, check the release note link for additional information.
The aliases was originally deprecated in NumPy 1.20; for more details and guidance see the original release note at:
    https://numpy.org/devdocs/release/1.20.0-notes.html#deprecations. Did you mean: 'inf'?

 ==> RUN_FCST: Date&time supplied: 2003 05-08 21:45:00, which corresponds to a local model time of 3900 sec

 Run_Fcst Script:  defaulting to 10 threads

 Run_Fcst Script: Number ensemble members to run not supplied, defaulting to experiment file:  20

 Run_Fcst Script: Integrating 020 ensemble members for 0300 seconds


ERROR!!!

FindRestartFile: A file with the restart time of 3900 cannot be found, exiting!!!


ERROR!!!

 ==> RUN_FCST: Date&time supplied: 2003 05-08 22:00:00, which corresponds to a local model time of 4800 sec

 Run_Fcst Script:  defaulting to 10 threads

 Run_Fcst Script: Number ensemble members to run not supplied, defaulting to experiment file:  20

 Run_Fcst Script: Integrating 020 ensemble members for 1800 seconds


ERROR!!!

FindRestartFile: A file with the restart time of 4800 cannot be found, exiting!!!


ERROR!!!

  ----------------------------------------------------------------------

               BEGIN PROGRAM RUN_FILTER                                 

  This script sets the parameters to create Hx's and runs the letkf code

  ----------------------------------------------------------------------


 --> Run_Filter:  using the window from the EXPER file:  +/- 150 secs

 --> Run_Filter:  using Synchronous DA with freq from command line:  -300 secs

 --> Run_Filter:  using the observation file from the EXPER file:  Obs/obs_seq_8may03_2km.h5

 --> Run_Filter:  Number of threads requested is from EXPER file:  1

 --> Run_Filter:  using the inflation method from EXPER file:  1

  >=======================  Run_Filter:  Now creating Priors =============================<  

Traceback (most recent call last):
  File "/work/jessica.mcdonald/CM1_LETKF_2020/run_filter.py", line 150, in <module>
    dt      = DT.timedelta(seconds=N.int(sec))
  File "/home/jessica.mcdonald/miniconda3/envs/letkf_env/lib/python3.10/site-packages/numpy/__init__.py", line 394, in __getattr__
    raise AttributeError(__former_attrs__[attr])
AttributeError: module 'numpy' has no attribute 'int'.
`np.int` was a deprecated alias for the builtin `int`. To avoid this error in existing code, use `int` by itself. Doing this will not modify any behavior and is safe. When replacing `np.int`, you may wish to use e.g. `np.int64` or `np.int32` to specify the precision. If you wish to review your current use, check the release note link for additional information.
The aliases was originally deprecated in NumPy 1.20; for more details and guidance see the original release note at:
    https://numpy.org/devdocs/release/1.20.0-notes.html#deprecations. Did you mean: 'inf'?

 ==> RUN_FCST: Date&time supplied: 2003 05-08 21:50:00, which corresponds to a local model time of 4200 sec

 Run_Fcst Script:  defaulting to 10 threads

 Run_Fcst Script: Number ensemble members to run not supplied, defaulting to experiment file:  20

 Run_Fcst Script: Integrating 020 ensemble members for 0300 seconds


ERROR!!!

FindRestartFile: A file with the restart time of 4200 cannot be found, exiting!!!


ERROR!!!

 ==> RUN_FCST: Date&time supplied: 2003 05-08 22:00:00, which corresponds to a local model time of 4800 sec

 Run_Fcst Script:  defaulting to 10 threads

 Run_Fcst Script: Number ensemble members to run not supplied, defaulting to experiment file:  20

 Run_Fcst Script: Integrating 020 ensemble members for 1800 seconds


ERROR!!!

FindRestartFile: A file with the restart time of 4800 cannot be found, exiting!!!


ERROR!!!

  ----------------------------------------------------------------------

               BEGIN PROGRAM RUN_FILTER                                 

  This script sets the parameters to create Hx's and runs the letkf code

  ----------------------------------------------------------------------


 --> Run_Filter:  using the window from the EXPER file:  +/- 150 secs

 --> Run_Filter:  using Synchronous DA with freq from command line:  -300 secs

 --> Run_Filter:  using the observation file from the EXPER file:  Obs/obs_seq_8may03_2km.h5

 --> Run_Filter:  Number of threads requested is from EXPER file:  1

 --> Run_Filter:  using the inflation method from EXPER file:  1

  >=======================  Run_Filter:  Now creating Priors =============================<  

Traceback (most recent call last):
  File "/work/jessica.mcdonald/CM1_LETKF_2020/run_filter.py", line 150, in <module>
    dt      = DT.timedelta(seconds=N.int(sec))
  File "/home/jessica.mcdonald/miniconda3/envs/letkf_env/lib/python3.10/site-packages/numpy/__init__.py", line 394, in __getattr__
    raise AttributeError(__former_attrs__[attr])
AttributeError: module 'numpy' has no attribute 'int'.
`np.int` was a deprecated alias for the builtin `int`. To avoid this error in existing code, use `int` by itself. Doing this will not modify any behavior and is safe. When replacing `np.int`, you may wish to use e.g. `np.int64` or `np.int32` to specify the precision. If you wish to review your current use, check the release note link for additional information.
The aliases was originally deprecated in NumPy 1.20; for more details and guidance see the original release note at:
    https://numpy.org/devdocs/release/1.20.0-notes.html#deprecations. Did you mean: 'inf'?

 ==> RUN_FCST: Date&time supplied: 2003 05-08 21:55:00, which corresponds to a local model time of 4500 sec

 Run_Fcst Script:  defaulting to 10 threads

 Run_Fcst Script: Number ensemble members to run not supplied, defaulting to experiment file:  20

 Run_Fcst Script: Integrating 020 ensemble members for 0300 seconds


ERROR!!!

FindRestartFile: A file with the restart time of 4500 cannot be found, exiting!!!


ERROR!!!

 ==> RUN_FCST: Date&time supplied: 2003 05-08 22:00:00, which corresponds to a local model time of 4800 sec

 Run_Fcst Script:  defaulting to 10 threads

 Run_Fcst Script: Number ensemble members to run not supplied, defaulting to experiment file:  20

 Run_Fcst Script: Integrating 020 ensemble members for 1800 seconds


ERROR!!!

FindRestartFile: A file with the restart time of 4800 cannot be found, exiting!!!


ERROR!!!

  ----------------------------------------------------------------------

               BEGIN PROGRAM RUN_FILTER                                 

  This script sets the parameters to create Hx's and runs the letkf code

  ----------------------------------------------------------------------


 --> Run_Filter:  using the window from the EXPER file:  +/- 150 secs

 --> Run_Filter:  using Synchronous DA with freq from command line:  -300 secs

 --> Run_Filter:  using the observation file from the EXPER file:  Obs/obs_seq_8may03_2km.h5

 --> Run_Filter:  Number of threads requested is from EXPER file:  1

 --> Run_Filter:  using the inflation method from EXPER file:  1

  >=======================  Run_Filter:  Now creating Priors =============================<  

Traceback (most recent call last):
  File "/work/jessica.mcdonald/CM1_LETKF_2020/run_filter.py", line 150, in <module>
    dt      = DT.timedelta(seconds=N.int(sec))
  File "/home/jessica.mcdonald/miniconda3/envs/letkf_env/lib/python3.10/site-packages/numpy/__init__.py", line 394, in __getattr__
    raise AttributeError(__former_attrs__[attr])
AttributeError: module 'numpy' has no attribute 'int'.
`np.int` was a deprecated alias for the builtin `int`. To avoid this error in existing code, use `int` by itself. Doing this will not modify any behavior and is safe. When replacing `np.int`, you may wish to use e.g. `np.int64` or `np.int32` to specify the precision. If you wish to review your current use, check the release note link for additional information.
The aliases was originally deprecated in NumPy 1.20; for more details and guidance see the original release note at:
    https://numpy.org/devdocs/release/1.20.0-notes.html#deprecations. Did you mean: 'inf'?

 ==> RUN_FCST: Date&time supplied: 2003 05-08 22:00:00, which corresponds to a local model time of 4800 sec

 Run_Fcst Script:  defaulting to 10 threads

 Run_Fcst Script: Number ensemble members to run not supplied, defaulting to experiment file:  20

 Run_Fcst Script: Integrating 020 ensemble members for 1800 seconds


ERROR!!!

FindRestartFile: A file with the restart time of 4800 cannot be found, exiting!!!


ERROR!!!
Traceback (most recent call last):
  File "/work/jessica.mcdonald/CM1_LETKF_2020/ens.py", line 19, in <module>
    from pyproj import Proj
ModuleNotFoundError: No module named 'pyproj'
Traceback (most recent call last):
  File "/work/jessica.mcdonald/CM1_LETKF_2020/ens.py", line 19, in <module>
    from pyproj import Proj
ModuleNotFoundError: No module named 'pyproj'
Traceback (most recent call last):
  File "/work/jessica.mcdonald/CM1_LETKF_2020/ens.py", line 19, in <module>
    from pyproj import Proj
ModuleNotFoundError: No module named 'pyproj'
Traceback (most recent call last):
  File "/work/jessica.mcdonald/CM1_LETKF_2020/ens.py", line 19, in <module>
    from pyproj import Proj
ModuleNotFoundError: No module named 'pyproj'
Traceback (most recent call last):
  File "/work/jessica.mcdonald/CM1_LETKF_2020/ens.py", line 19, in <module>
    from pyproj import Proj
ModuleNotFoundError: No module named 'pyproj'
Traceback (most recent call last):
  File "/work/jessica.mcdonald/CM1_LETKF_2020/ens.py", line 19, in <module>
    from pyproj import Proj
ModuleNotFoundError: No module named 'pyproj'
Traceback (most recent call last):
  File "/work/jessica.mcdonald/CM1_LETKF_2020/ens.py", line 19, in <module>
    from pyproj import Proj
ModuleNotFoundError: No module named 'pyproj'
Traceback (most recent call last):
  File "/work/jessica.mcdonald/CM1_LETKF_2020/ens.py", line 19, in <module>
    from pyproj import Proj
ModuleNotFoundError: No module named 'pyproj'
Traceback (most recent call last):
  File "/work/jessica.mcdonald/CM1_LETKF_2020/ens.py", line 19, in <module>
    from pyproj import Proj
ModuleNotFoundError: No module named 'pyproj'
Traceback (most recent call last):
  File "/work/jessica.mcdonald/CM1_LETKF_2020/ens.py", line 19, in <module>
    from pyproj import Proj
ModuleNotFoundError: No module named 'pyproj'
Traceback (most recent call last):
  File "/work/jessica.mcdonald/CM1_LETKF_2020/ens.py", line 19, in <module>
    from pyproj import Proj
ModuleNotFoundError: No module named 'pyproj'
Traceback (most recent call last):
  File "/work/jessica.mcdonald/CM1_LETKF_2020/ens.py", line 19, in <module>
    from pyproj import Proj
ModuleNotFoundError: No module named 'pyproj'
Traceback (most recent call last):
  File "/work/jessica.mcdonald/CM1_LETKF_2020/ens.py", line 19, in <module>
    from pyproj import Proj
ModuleNotFoundError: No module named 'pyproj'
Traceback (most recent call last):
  File "/work/jessica.mcdonald/CM1_LETKF_2020/ens.py", line 19, in <module>
    from pyproj import Proj
ModuleNotFoundError: No module named 'pyproj'
Traceback (most recent call last):
  File "/work/jessica.mcdonald/CM1_LETKF_2020/ens.py", line 19, in <module>
    from pyproj import Proj
ModuleNotFoundError: No module named 'pyproj'
Traceback (most recent call last):
  File "/work/jessica.mcdonald/CM1_LETKF_2020/ens.py", line 19, in <module>
    from pyproj import Proj
ModuleNotFoundError: No module named 'pyproj'
Traceback (most recent call last):
  File "/work/jessica.mcdonald/CM1_LETKF_2020/ens.py", line 19, in <module>
    from pyproj import Proj
ModuleNotFoundError: No module named 'pyproj'
Traceback (most recent call last):
  File "/work/jessica.mcdonald/CM1_LETKF_2020/ens.py", line 19, in <module>
    from pyproj import Proj
ModuleNotFoundError: No module named 'pyproj'
Traceback (most recent call last):
  File "/work/jessica.mcdonald/CM1_LETKF_2020/ens.py", line 19, in <module>
    from pyproj import Proj
ModuleNotFoundError: No module named 'pyproj'
Traceback (most recent call last):
  File "/work/jessica.mcdonald/CM1_LETKF_2020/ens.py", line 19, in <module>
    from pyproj import Proj
ModuleNotFoundError: No module named 'pyproj'
Traceback (most recent call last):
  File "/work/jessica.mcdonald/CM1_LETKF_2020/ens.py", line 19, in <module>
    from pyproj import Proj
ModuleNotFoundError: No module named 'pyproj'
Traceback (most recent call last):
  File "/work/jessica.mcdonald/CM1_LETKF_2020/DBZ_CR.py", line 14, in <module>
    from scipy import ndimage
ModuleNotFoundError: No module named 'scipy'
Traceback (most recent call last):
  File "/work/jessica.mcdonald/CM1_LETKF_2020/DBZ_INV.py", line 13, in <module>
    from scipy import ndimage
ModuleNotFoundError: No module named 'scipy'
Traceback (most recent call last):
  File "/work/jessica.mcdonald/CM1_LETKF_2020/VR_CR.py", line 17, in <module>
    from scipy import ndimage
ModuleNotFoundError: No module named 'scipy'
Traceback (most recent call last):
  File "/work/jessica.mcdonald/CM1_LETKF_2020/VR_INV.py", line 15, in <module>
    from scipy import ndimage
ModuleNotFoundError: No module named 'scipy'

Ended run_simple_exper.py
